[0.090s] [34mcolcon[0m [1;30mDEBUG[0m [32mCommand line arguments: ['/usr/bin/colcon', 'build', '--symlink-install'][0m
[0.090s] [34mcolcon[0m [1;30mDEBUG[0m [32mParsed command line arguments: Namespace(log_base=None, log_level=None, verb_name='build', build_base='build', install_base='install', merge_install=False, symlink_install=True, test_result_base=None, continue_on_error=False, executor='parallel', parallel_workers=16, event_handlers=None, ignore_user_meta=False, metas=['./colcon.meta'], base_paths=['.'], packages_ignore=None, packages_ignore_regex=None, paths=None, packages_up_to=None, packages_up_to_regex=None, packages_above=None, packages_above_and_dependencies=None, packages_above_depth=None, packages_select_by_dep=None, packages_skip_by_dep=None, packages_skip_up_to=None, packages_select_build_failed=False, packages_skip_build_finished=False, packages_select_test_failures=False, packages_skip_test_passed=False, packages_select=None, packages_skip=None, packages_select_regex=None, packages_skip_regex=None, packages_start=None, packages_end=None, allow_overriding=[], cmake_args=None, cmake_target=None, cmake_target_skip_unavailable=False, cmake_clean_cache=False, cmake_clean_first=False, cmake_force_configure=False, ament_cmake_args=None, catkin_cmake_args=None, catkin_skip_building_tests=False, verb_parser=<colcon_defaults.argument_parser.defaults.DefaultArgumentsDecorator object at 0x7159b035ef80>, verb_extension=<colcon_core.verb.build.BuildVerb object at 0x7159b055cee0>, main=<bound method BuildVerb.main of <colcon_core.verb.build.BuildVerb object at 0x7159b055cee0>>)[0m
[0.205s] [34mcolcon.colcon_core.package_discovery[0m [1;30mLevel 1[0m discover_packages(colcon_meta) check parameters
[0.205s] [34mcolcon.colcon_core.package_discovery[0m [1;30mLevel 1[0m discover_packages(recursive) check parameters
[0.205s] [34mcolcon.colcon_core.package_discovery[0m [1;30mLevel 1[0m discover_packages(ignore) check parameters
[0.205s] [34mcolcon.colcon_core.package_discovery[0m [1;30mLevel 1[0m discover_packages(path) check parameters
[0.205s] [34mcolcon.colcon_core.package_discovery[0m [1;30mLevel 1[0m discover_packages(colcon_meta) discover
[0.205s] [34mcolcon.colcon_core.package_discovery[0m [1;30mLevel 1[0m discover_packages(recursive) discover
[0.205s] [34mcolcon.colcon_core.package_discovery[0m [1;30mINFO[0m Crawling recursively for packages in '/home/rokey/quoridor_ws'
[0.205s] [34mcolcon.colcon_core.package_identification[0m [1;30mLevel 1[0m _identify(.) by extensions ['ignore', 'ignore_ament_install']
[0.205s] [34mcolcon.colcon_core.package_identification[0m [1;30mLevel 1[0m _identify(.) by extension 'ignore'
[0.205s] [34mcolcon.colcon_core.package_identification[0m [1;30mLevel 1[0m _identify(.) by extension 'ignore_ament_install'
[0.205s] [34mcolcon.colcon_core.package_identification[0m [1;30mLevel 1[0m _identify(.) by extensions ['colcon_pkg']
[0.206s] [34mcolcon.colcon_core.package_identification[0m [1;30mLevel 1[0m _identify(.) by extension 'colcon_pkg'
[0.206s] [34mcolcon.colcon_core.package_identification[0m [1;30mLevel 1[0m _identify(.) by extensions ['colcon_meta']
[0.206s] [34mcolcon.colcon_core.package_identification[0m [1;30mLevel 1[0m _identify(.) by extension 'colcon_meta'
[0.206s] [34mcolcon.colcon_core.package_identification[0m [1;30mLevel 1[0m _identify(.) by extensions ['ros']
[0.206s] [34mcolcon.colcon_core.package_identification[0m [1;30mLevel 1[0m _identify(.) by extension 'ros'
[0.221s] [34mcolcon.colcon_core.package_identification[0m [1;30mLevel 1[0m _identify(.) by extensions ['cmake', 'python']
[0.221s] [34mcolcon.colcon_core.package_identification[0m [1;30mLevel 1[0m _identify(.) by extension 'cmake'
[0.221s] [34mcolcon.colcon_core.package_identification[0m [1;30mLevel 1[0m _identify(.) by extension 'python'
[0.221s] [34mcolcon.colcon_core.package_identification[0m [1;30mLevel 1[0m _identify(.) by extensions ['python_setup_py']
[0.221s] [34mcolcon.colcon_core.package_identification[0m [1;30mLevel 1[0m _identify(.) by extension 'python_setup_py'
[0.221s] [34mcolcon.colcon_core.package_identification[0m [1;30mLevel 1[0m _identify(build) by extensions ['ignore', 'ignore_ament_install']
[0.221s] [34mcolcon.colcon_core.package_identification[0m [1;30mLevel 1[0m _identify(build) by extension 'ignore'
[0.221s] [34mcolcon.colcon_core.package_identification[0m [1;30mLevel 1[0m _identify(build) ignored
[0.221s] [34mcolcon.colcon_core.package_identification[0m [1;30mLevel 1[0m _identify(install) by extensions ['ignore', 'ignore_ament_install']
[0.221s] [34mcolcon.colcon_core.package_identification[0m [1;30mLevel 1[0m _identify(install) by extension 'ignore'
[0.221s] [34mcolcon.colcon_core.package_identification[0m [1;30mLevel 1[0m _identify(install) ignored
[0.221s] [34mcolcon.colcon_core.package_identification[0m [1;30mLevel 1[0m _identify(log) by extensions ['ignore', 'ignore_ament_install']
[0.221s] [34mcolcon.colcon_core.package_identification[0m [1;30mLevel 1[0m _identify(log) by extension 'ignore'
[0.222s] [34mcolcon.colcon_core.package_identification[0m [1;30mLevel 1[0m _identify(log) ignored
[0.222s] [34mcolcon.colcon_core.package_identification[0m [1;30mLevel 1[0m _identify(src) by extensions ['ignore', 'ignore_ament_install']
[0.222s] [34mcolcon.colcon_core.package_identification[0m [1;30mLevel 1[0m _identify(src) by extension 'ignore'
[0.222s] [34mcolcon.colcon_core.package_identification[0m [1;30mLevel 1[0m _identify(src) by extension 'ignore_ament_install'
[0.222s] [34mcolcon.colcon_core.package_identification[0m [1;30mLevel 1[0m _identify(src) by extensions ['colcon_pkg']
[0.222s] [34mcolcon.colcon_core.package_identification[0m [1;30mLevel 1[0m _identify(src) by extension 'colcon_pkg'
[0.222s] [34mcolcon.colcon_core.package_identification[0m [1;30mLevel 1[0m _identify(src) by extensions ['colcon_meta']
[0.222s] [34mcolcon.colcon_core.package_identification[0m [1;30mLevel 1[0m _identify(src) by extension 'colcon_meta'
[0.222s] [34mcolcon.colcon_core.package_identification[0m [1;30mLevel 1[0m _identify(src) by extensions ['ros']
[0.222s] [34mcolcon.colcon_core.package_identification[0m [1;30mLevel 1[0m _identify(src) by extension 'ros'
[0.222s] [34mcolcon.colcon_core.package_identification[0m [1;30mLevel 1[0m _identify(src) by extensions ['cmake', 'python']
[0.222s] [34mcolcon.colcon_core.package_identification[0m [1;30mLevel 1[0m _identify(src) by extension 'cmake'
[0.222s] [34mcolcon.colcon_core.package_identification[0m [1;30mLevel 1[0m _identify(src) by extension 'python'
[0.222s] [34mcolcon.colcon_core.package_identification[0m [1;30mLevel 1[0m _identify(src) by extensions ['python_setup_py']
[0.222s] [34mcolcon.colcon_core.package_identification[0m [1;30mLevel 1[0m _identify(src) by extension 'python_setup_py'
[0.222s] [34mcolcon.colcon_core.package_identification[0m [1;30mLevel 1[0m _identify(src/qulido_robot_msgs) by extensions ['ignore', 'ignore_ament_install']
[0.222s] [34mcolcon.colcon_core.package_identification[0m [1;30mLevel 1[0m _identify(src/qulido_robot_msgs) by extension 'ignore'
[0.222s] [34mcolcon.colcon_core.package_identification[0m [1;30mLevel 1[0m _identify(src/qulido_robot_msgs) by extension 'ignore_ament_install'
[0.222s] [34mcolcon.colcon_core.package_identification[0m [1;30mLevel 1[0m _identify(src/qulido_robot_msgs) by extensions ['colcon_pkg']
[0.222s] [34mcolcon.colcon_core.package_identification[0m [1;30mLevel 1[0m _identify(src/qulido_robot_msgs) by extension 'colcon_pkg'
[0.222s] [34mcolcon.colcon_core.package_identification[0m [1;30mLevel 1[0m _identify(src/qulido_robot_msgs) by extensions ['colcon_meta']
[0.222s] [34mcolcon.colcon_core.package_identification[0m [1;30mLevel 1[0m _identify(src/qulido_robot_msgs) by extension 'colcon_meta'
[0.222s] [34mcolcon.colcon_core.package_identification[0m [1;30mLevel 1[0m _identify(src/qulido_robot_msgs) by extensions ['ros']
[0.222s] [34mcolcon.colcon_core.package_identification[0m [1;30mLevel 1[0m _identify(src/qulido_robot_msgs) by extension 'ros'
[0.224s] [34mcolcon.colcon_core.package_identification[0m [1;30mDEBUG[0m [32mPackage 'src/qulido_robot_msgs' with type 'ros.ament_cmake' and name 'qulido_robot_msgs'[0m
[0.224s] [34mcolcon.colcon_core.package_identification[0m [1;30mLevel 1[0m _identify(src/quoridor_main) by extensions ['ignore', 'ignore_ament_install']
[0.224s] [34mcolcon.colcon_core.package_identification[0m [1;30mLevel 1[0m _identify(src/quoridor_main) by extension 'ignore'
[0.224s] [34mcolcon.colcon_core.package_identification[0m [1;30mLevel 1[0m _identify(src/quoridor_main) by extension 'ignore_ament_install'
[0.224s] [34mcolcon.colcon_core.package_identification[0m [1;30mLevel 1[0m _identify(src/quoridor_main) by extensions ['colcon_pkg']
[0.224s] [34mcolcon.colcon_core.package_identification[0m [1;30mLevel 1[0m _identify(src/quoridor_main) by extension 'colcon_pkg'
[0.224s] [34mcolcon.colcon_core.package_identification[0m [1;30mLevel 1[0m _identify(src/quoridor_main) by extensions ['colcon_meta']
[0.224s] [34mcolcon.colcon_core.package_identification[0m [1;30mLevel 1[0m _identify(src/quoridor_main) by extension 'colcon_meta'
[0.224s] [34mcolcon.colcon_core.package_identification[0m [1;30mLevel 1[0m _identify(src/quoridor_main) by extensions ['ros']
[0.224s] [34mcolcon.colcon_core.package_identification[0m [1;30mLevel 1[0m _identify(src/quoridor_main) by extension 'ros'
[0.225s] [34mcolcon.colcon_core.package_identification[0m [1;30mDEBUG[0m [32mPackage 'src/quoridor_main' with type 'ros.ament_python' and name 'quoridor_main'[0m
[0.225s] [34mcolcon.colcon_core.package_discovery[0m [1;30mLevel 1[0m discover_packages(recursive) using defaults
[0.225s] [34mcolcon.colcon_core.package_discovery[0m [1;30mLevel 1[0m discover_packages(ignore) discover
[0.225s] [34mcolcon.colcon_core.package_discovery[0m [1;30mLevel 1[0m discover_packages(ignore) using defaults
[0.225s] [34mcolcon.colcon_core.package_discovery[0m [1;30mLevel 1[0m discover_packages(path) discover
[0.225s] [34mcolcon.colcon_core.package_discovery[0m [1;30mLevel 1[0m discover_packages(path) using defaults
[0.234s] [34mcolcon.colcon_core.package_discovery[0m [1;30mLevel 1[0m discover_packages(prefix_path) check parameters
[0.234s] [34mcolcon.colcon_core.package_discovery[0m [1;30mLevel 1[0m discover_packages(prefix_path) discover
[0.235s] [34mcolcon.colcon_ros.prefix_path.ament[0m [1;30mWARNING[0m [33mThe path '/home/rokey/quoridor_ws/install/quoridor_main' in the environment variable AMENT_PREFIX_PATH doesn't exist[0m
[0.235s] [34mcolcon.colcon_ros.prefix_path.ament[0m [1;30mWARNING[0m [33mThe path '/home/rokey/quoridor_ws/install/qulido_robot_msgs' in the environment variable AMENT_PREFIX_PATH doesn't exist[0m
[0.235s] [34mcolcon.colcon_ros.prefix_path.catkin[0m [1;30mWARNING[0m [33mThe path '/home/rokey/quoridor_ws/install/qulido_robot_msgs' in the environment variable CMAKE_PREFIX_PATH doesn't exist[0m
[0.236s] [34mcolcon.colcon_installed_package_information.package_discovery[0m [1;30mDEBUG[0m [32mFound 0 installed packages in /home/rokey/quoridor_ws/install[0m
[0.236s] [34mcolcon.colcon_installed_package_information.package_discovery[0m [1;30mDEBUG[0m [32mFound 25 installed packages in /home/rokey/ros2_ws/install[0m
[0.237s] [34mcolcon.colcon_installed_package_information.package_discovery[0m [1;30mDEBUG[0m [32mFound 333 installed packages in /opt/ros/humble[0m
[0.238s] [34mcolcon.colcon_core.package_discovery[0m [1;30mLevel 1[0m discover_packages(prefix_path) using defaults
[0.262s] [34mcolcon.colcon_core.verb[0m [1;30mLevel 5[0m set package 'qulido_robot_msgs' build argument 'cmake_args' from command line to 'None'
[0.262s] [34mcolcon.colcon_core.verb[0m [1;30mLevel 5[0m set package 'qulido_robot_msgs' build argument 'cmake_target' from command line to 'None'
[0.262s] [34mcolcon.colcon_core.verb[0m [1;30mLevel 5[0m set package 'qulido_robot_msgs' build argument 'cmake_target_skip_unavailable' from command line to 'False'
[0.262s] [34mcolcon.colcon_core.verb[0m [1;30mLevel 5[0m set package 'qulido_robot_msgs' build argument 'cmake_clean_cache' from command line to 'False'
[0.262s] [34mcolcon.colcon_core.verb[0m [1;30mLevel 5[0m set package 'qulido_robot_msgs' build argument 'cmake_clean_first' from command line to 'False'
[0.262s] [34mcolcon.colcon_core.verb[0m [1;30mLevel 5[0m set package 'qulido_robot_msgs' build argument 'cmake_force_configure' from command line to 'False'
[0.262s] [34mcolcon.colcon_core.verb[0m [1;30mLevel 5[0m set package 'qulido_robot_msgs' build argument 'ament_cmake_args' from command line to 'None'
[0.262s] [34mcolcon.colcon_core.verb[0m [1;30mLevel 5[0m set package 'qulido_robot_msgs' build argument 'catkin_cmake_args' from command line to 'None'
[0.262s] [34mcolcon.colcon_core.verb[0m [1;30mLevel 5[0m set package 'qulido_robot_msgs' build argument 'catkin_skip_building_tests' from command line to 'False'
[0.262s] [34mcolcon.colcon_core.verb[0m [1;30mDEBUG[0m [32mBuilding package 'qulido_robot_msgs' with the following arguments: {'ament_cmake_args': None, 'build_base': '/home/rokey/quoridor_ws/build/qulido_robot_msgs', 'catkin_cmake_args': None, 'catkin_skip_building_tests': False, 'cmake_args': None, 'cmake_clean_cache': False, 'cmake_clean_first': False, 'cmake_force_configure': False, 'cmake_target': None, 'cmake_target_skip_unavailable': False, 'install_base': '/home/rokey/quoridor_ws/install/qulido_robot_msgs', 'merge_install': False, 'path': '/home/rokey/quoridor_ws/src/qulido_robot_msgs', 'symlink_install': True, 'test_result_base': None}[0m
[0.262s] [34mcolcon.colcon_core.verb[0m [1;30mLevel 5[0m set package 'quoridor_main' build argument 'cmake_args' from command line to 'None'
[0.262s] [34mcolcon.colcon_core.verb[0m [1;30mLevel 5[0m set package 'quoridor_main' build argument 'cmake_target' from command line to 'None'
[0.262s] [34mcolcon.colcon_core.verb[0m [1;30mLevel 5[0m set package 'quoridor_main' build argument 'cmake_target_skip_unavailable' from command line to 'False'
[0.262s] [34mcolcon.colcon_core.verb[0m [1;30mLevel 5[0m set package 'quoridor_main' build argument 'cmake_clean_cache' from command line to 'False'
[0.263s] [34mcolcon.colcon_core.verb[0m [1;30mLevel 5[0m set package 'quoridor_main' build argument 'cmake_clean_first' from command line to 'False'
[0.263s] [34mcolcon.colcon_core.verb[0m [1;30mLevel 5[0m set package 'quoridor_main' build argument 'cmake_force_configure' from command line to 'False'
[0.263s] [34mcolcon.colcon_core.verb[0m [1;30mLevel 5[0m set package 'quoridor_main' build argument 'ament_cmake_args' from command line to 'None'
[0.263s] [34mcolcon.colcon_core.verb[0m [1;30mLevel 5[0m set package 'quoridor_main' build argument 'catkin_cmake_args' from command line to 'None'
[0.263s] [34mcolcon.colcon_core.verb[0m [1;30mLevel 5[0m set package 'quoridor_main' build argument 'catkin_skip_building_tests' from command line to 'False'
[0.263s] [34mcolcon.colcon_core.verb[0m [1;30mDEBUG[0m [32mBuilding package 'quoridor_main' with the following arguments: {'ament_cmake_args': None, 'build_base': '/home/rokey/quoridor_ws/build/quoridor_main', 'catkin_cmake_args': None, 'catkin_skip_building_tests': False, 'cmake_args': None, 'cmake_clean_cache': False, 'cmake_clean_first': False, 'cmake_force_configure': False, 'cmake_target': None, 'cmake_target_skip_unavailable': False, 'install_base': '/home/rokey/quoridor_ws/install/quoridor_main', 'merge_install': False, 'path': '/home/rokey/quoridor_ws/src/quoridor_main', 'symlink_install': True, 'test_result_base': None}[0m
[0.263s] [34mcolcon.colcon_core.executor[0m [1;30mINFO[0m Executing jobs using 'parallel' executor
[0.263s] [34mcolcon.colcon_parallel_executor.executor.parallel[0m [1;30mDEBUG[0m [32mrun_until_complete[0m
[0.264s] [34mcolcon.colcon_ros.task.ament_cmake.build[0m [1;30mINFO[0m Building ROS package in '/home/rokey/quoridor_ws/src/qulido_robot_msgs' with build type 'ament_cmake'
[0.264s] [34mcolcon.colcon_cmake.task.cmake.build[0m [1;30mINFO[0m Building CMake package in '/home/rokey/quoridor_ws/src/qulido_robot_msgs'
[0.265s] [34mcolcon.colcon_core.plugin_system[0m [1;30mINFO[0m Skipping extension 'colcon_core.shell.bat': Not used on non-Windows systems
[0.265s] [34mcolcon.colcon_core.shell[0m [1;30mINFO[0m Skip shell extension 'powershell' for command environment: Not usable outside of PowerShell
[0.265s] [34mcolcon.colcon_core.shell[0m [1;30mDEBUG[0m [32mSkip shell extension 'dsv' for command environment[0m
[0.272s] [34mcolcon.colcon_core.event_handler.log_command[0m [1;30mDEBUG[0m [32mInvoking command in '/home/rokey/quoridor_ws/build/qulido_robot_msgs': CMAKE_PREFIX_PATH=/home/rokey/quoridor_ws/install/qulido_robot_msgs:/home/rokey/quoridor_ws/install/quoridor_main:/home/rokey/ros2_ws/install/rokey:/home/rokey/ros2_ws/install/pick_and_place_voice:/home/rokey/ros2_ws/install/pick_and_place_text:/home/rokey/ros2_ws/install/dsr_visualservoing:/home/rokey/ros2_ws/install/dsr_tests:/home/rokey/ros2_ws/install/dsr_bringup2:/home/rokey/ros2_ws/install/dsr_example:/opt/ros/humble:/home/rokey/ros2_ws/install/od_msg:/home/rokey/ros2_ws/install/dsr_realtime_control:/home/rokey/ros2_ws/install/dsr_controller2:/home/rokey/ros2_ws/install/dsr_msgs2:/home/rokey/ros2_ws/install/dsr_moveit_config_p3020:/home/rokey/ros2_ws/install/dsr_moveit_config_m1509:/home/rokey/ros2_ws/install/dsr_moveit_config_m1013:/home/rokey/ros2_ws/install/dsr_moveit_config_m0617:/home/rokey/ros2_ws/install/dsr_moveit_config_m0609:/home/rokey/ros2_ws/install/dsr_moveit_config_h2515:/home/rokey/ros2_ws/install/dsr_moveit_config_h2017:/home/rokey/ros2_ws/install/dsr_moveit_config_e0509:/home/rokey/ros2_ws/install/dsr_moveit_config_a0912:/home/rokey/ros2_ws/install/dsr_moveit_config_a0509:/home/rokey/ros2_ws/install/dsr_hardware2:/home/rokey/ros2_ws/install/dsr_gazebo2:/home/rokey/ros2_ws/install/dsr_description2:/home/rokey/ros2_ws/install/dsr_common2 /usr/bin/cmake /home/rokey/quoridor_ws/src/qulido_robot_msgs -DAMENT_CMAKE_SYMLINK_INSTALL=1 -DCMAKE_INSTALL_PREFIX=/home/rokey/quoridor_ws/install/qulido_robot_msgs[0m
[1.704s] [34mcolcon.colcon_core.event_handler.log_command[0m [1;30mDEBUG[0m [32mInvoked command in '/home/rokey/quoridor_ws/build/qulido_robot_msgs' returned '0': CMAKE_PREFIX_PATH=/home/rokey/quoridor_ws/install/qulido_robot_msgs:/home/rokey/quoridor_ws/install/quoridor_main:/home/rokey/ros2_ws/install/rokey:/home/rokey/ros2_ws/install/pick_and_place_voice:/home/rokey/ros2_ws/install/pick_and_place_text:/home/rokey/ros2_ws/install/dsr_visualservoing:/home/rokey/ros2_ws/install/dsr_tests:/home/rokey/ros2_ws/install/dsr_bringup2:/home/rokey/ros2_ws/install/dsr_example:/opt/ros/humble:/home/rokey/ros2_ws/install/od_msg:/home/rokey/ros2_ws/install/dsr_realtime_control:/home/rokey/ros2_ws/install/dsr_controller2:/home/rokey/ros2_ws/install/dsr_msgs2:/home/rokey/ros2_ws/install/dsr_moveit_config_p3020:/home/rokey/ros2_ws/install/dsr_moveit_config_m1509:/home/rokey/ros2_ws/install/dsr_moveit_config_m1013:/home/rokey/ros2_ws/install/dsr_moveit_config_m0617:/home/rokey/ros2_ws/install/dsr_moveit_config_m0609:/home/rokey/ros2_ws/install/dsr_moveit_config_h2515:/home/rokey/ros2_ws/install/dsr_moveit_config_h2017:/home/rokey/ros2_ws/install/dsr_moveit_config_e0509:/home/rokey/ros2_ws/install/dsr_moveit_config_a0912:/home/rokey/ros2_ws/install/dsr_moveit_config_a0509:/home/rokey/ros2_ws/install/dsr_hardware2:/home/rokey/ros2_ws/install/dsr_gazebo2:/home/rokey/ros2_ws/install/dsr_description2:/home/rokey/ros2_ws/install/dsr_common2 /usr/bin/cmake /home/rokey/quoridor_ws/src/qulido_robot_msgs -DAMENT_CMAKE_SYMLINK_INSTALL=1 -DCMAKE_INSTALL_PREFIX=/home/rokey/quoridor_ws/install/qulido_robot_msgs[0m
[1.706s] [34mcolcon.colcon_core.event_handler.log_command[0m [1;30mDEBUG[0m [32mInvoking command in '/home/rokey/quoridor_ws/build/qulido_robot_msgs': CMAKE_PREFIX_PATH=/home/rokey/quoridor_ws/install/qulido_robot_msgs:/home/rokey/quoridor_ws/install/quoridor_main:/home/rokey/ros2_ws/install/rokey:/home/rokey/ros2_ws/install/pick_and_place_voice:/home/rokey/ros2_ws/install/pick_and_place_text:/home/rokey/ros2_ws/install/dsr_visualservoing:/home/rokey/ros2_ws/install/dsr_tests:/home/rokey/ros2_ws/install/dsr_bringup2:/home/rokey/ros2_ws/install/dsr_example:/opt/ros/humble:/home/rokey/ros2_ws/install/od_msg:/home/rokey/ros2_ws/install/dsr_realtime_control:/home/rokey/ros2_ws/install/dsr_controller2:/home/rokey/ros2_ws/install/dsr_msgs2:/home/rokey/ros2_ws/install/dsr_moveit_config_p3020:/home/rokey/ros2_ws/install/dsr_moveit_config_m1509:/home/rokey/ros2_ws/install/dsr_moveit_config_m1013:/home/rokey/ros2_ws/install/dsr_moveit_config_m0617:/home/rokey/ros2_ws/install/dsr_moveit_config_m0609:/home/rokey/ros2_ws/install/dsr_moveit_config_h2515:/home/rokey/ros2_ws/install/dsr_moveit_config_h2017:/home/rokey/ros2_ws/install/dsr_moveit_config_e0509:/home/rokey/ros2_ws/install/dsr_moveit_config_a0912:/home/rokey/ros2_ws/install/dsr_moveit_config_a0509:/home/rokey/ros2_ws/install/dsr_hardware2:/home/rokey/ros2_ws/install/dsr_gazebo2:/home/rokey/ros2_ws/install/dsr_description2:/home/rokey/ros2_ws/install/dsr_common2 /usr/bin/cmake --build /home/rokey/quoridor_ws/build/qulido_robot_msgs -- -j16 -l16[0m
[3.885s] [34mcolcon.colcon_core.event_handler.log_command[0m [1;30mDEBUG[0m [32mInvoked command in '/home/rokey/quoridor_ws/build/qulido_robot_msgs' returned '0': CMAKE_PREFIX_PATH=/home/rokey/quoridor_ws/install/qulido_robot_msgs:/home/rokey/quoridor_ws/install/quoridor_main:/home/rokey/ros2_ws/install/rokey:/home/rokey/ros2_ws/install/pick_and_place_voice:/home/rokey/ros2_ws/install/pick_and_place_text:/home/rokey/ros2_ws/install/dsr_visualservoing:/home/rokey/ros2_ws/install/dsr_tests:/home/rokey/ros2_ws/install/dsr_bringup2:/home/rokey/ros2_ws/install/dsr_example:/opt/ros/humble:/home/rokey/ros2_ws/install/od_msg:/home/rokey/ros2_ws/install/dsr_realtime_control:/home/rokey/ros2_ws/install/dsr_controller2:/home/rokey/ros2_ws/install/dsr_msgs2:/home/rokey/ros2_ws/install/dsr_moveit_config_p3020:/home/rokey/ros2_ws/install/dsr_moveit_config_m1509:/home/rokey/ros2_ws/install/dsr_moveit_config_m1013:/home/rokey/ros2_ws/install/dsr_moveit_config_m0617:/home/rokey/ros2_ws/install/dsr_moveit_config_m0609:/home/rokey/ros2_ws/install/dsr_moveit_config_h2515:/home/rokey/ros2_ws/install/dsr_moveit_config_h2017:/home/rokey/ros2_ws/install/dsr_moveit_config_e0509:/home/rokey/ros2_ws/install/dsr_moveit_config_a0912:/home/rokey/ros2_ws/install/dsr_moveit_config_a0509:/home/rokey/ros2_ws/install/dsr_hardware2:/home/rokey/ros2_ws/install/dsr_gazebo2:/home/rokey/ros2_ws/install/dsr_description2:/home/rokey/ros2_ws/install/dsr_common2 /usr/bin/cmake --build /home/rokey/quoridor_ws/build/qulido_robot_msgs -- -j16 -l16[0m
[3.896s] [34mcolcon.colcon_core.event_handler.log_command[0m [1;30mDEBUG[0m [32mInvoking command in '/home/rokey/quoridor_ws/build/qulido_robot_msgs': CMAKE_PREFIX_PATH=/home/rokey/quoridor_ws/install/qulido_robot_msgs:/home/rokey/quoridor_ws/install/quoridor_main:/home/rokey/ros2_ws/install/rokey:/home/rokey/ros2_ws/install/pick_and_place_voice:/home/rokey/ros2_ws/install/pick_and_place_text:/home/rokey/ros2_ws/install/dsr_visualservoing:/home/rokey/ros2_ws/install/dsr_tests:/home/rokey/ros2_ws/install/dsr_bringup2:/home/rokey/ros2_ws/install/dsr_example:/opt/ros/humble:/home/rokey/ros2_ws/install/od_msg:/home/rokey/ros2_ws/install/dsr_realtime_control:/home/rokey/ros2_ws/install/dsr_controller2:/home/rokey/ros2_ws/install/dsr_msgs2:/home/rokey/ros2_ws/install/dsr_moveit_config_p3020:/home/rokey/ros2_ws/install/dsr_moveit_config_m1509:/home/rokey/ros2_ws/install/dsr_moveit_config_m1013:/home/rokey/ros2_ws/install/dsr_moveit_config_m0617:/home/rokey/ros2_ws/install/dsr_moveit_config_m0609:/home/rokey/ros2_ws/install/dsr_moveit_config_h2515:/home/rokey/ros2_ws/install/dsr_moveit_config_h2017:/home/rokey/ros2_ws/install/dsr_moveit_config_e0509:/home/rokey/ros2_ws/install/dsr_moveit_config_a0912:/home/rokey/ros2_ws/install/dsr_moveit_config_a0509:/home/rokey/ros2_ws/install/dsr_hardware2:/home/rokey/ros2_ws/install/dsr_gazebo2:/home/rokey/ros2_ws/install/dsr_description2:/home/rokey/ros2_ws/install/dsr_common2 /usr/bin/cmake --install /home/rokey/quoridor_ws/build/qulido_robot_msgs[0m
[5.253s] [34mcolcon.colcon_core.environment[0m [1;30mLevel 1[0m create_environment_scripts_only(qulido_robot_msgs)
[5.253s] [34mcolcon.colcon_core.event_handler.log_command[0m [1;30mDEBUG[0m [32mInvoked command in '/home/rokey/quoridor_ws/build/qulido_robot_msgs' returned '0': CMAKE_PREFIX_PATH=/home/rokey/quoridor_ws/install/qulido_robot_msgs:/home/rokey/quoridor_ws/install/quoridor_main:/home/rokey/ros2_ws/install/rokey:/home/rokey/ros2_ws/install/pick_and_place_voice:/home/rokey/ros2_ws/install/pick_and_place_text:/home/rokey/ros2_ws/install/dsr_visualservoing:/home/rokey/ros2_ws/install/dsr_tests:/home/rokey/ros2_ws/install/dsr_bringup2:/home/rokey/ros2_ws/install/dsr_example:/opt/ros/humble:/home/rokey/ros2_ws/install/od_msg:/home/rokey/ros2_ws/install/dsr_realtime_control:/home/rokey/ros2_ws/install/dsr_controller2:/home/rokey/ros2_ws/install/dsr_msgs2:/home/rokey/ros2_ws/install/dsr_moveit_config_p3020:/home/rokey/ros2_ws/install/dsr_moveit_config_m1509:/home/rokey/ros2_ws/install/dsr_moveit_config_m1013:/home/rokey/ros2_ws/install/dsr_moveit_config_m0617:/home/rokey/ros2_ws/install/dsr_moveit_config_m0609:/home/rokey/ros2_ws/install/dsr_moveit_config_h2515:/home/rokey/ros2_ws/install/dsr_moveit_config_h2017:/home/rokey/ros2_ws/install/dsr_moveit_config_e0509:/home/rokey/ros2_ws/install/dsr_moveit_config_a0912:/home/rokey/ros2_ws/install/dsr_moveit_config_a0509:/home/rokey/ros2_ws/install/dsr_hardware2:/home/rokey/ros2_ws/install/dsr_gazebo2:/home/rokey/ros2_ws/install/dsr_description2:/home/rokey/ros2_ws/install/dsr_common2 /usr/bin/cmake --install /home/rokey/quoridor_ws/build/qulido_robot_msgs[0m
[5.255s] [34mcolcon.colcon_core.environment[0m [1;30mLevel 1[0m checking '/home/rokey/quoridor_ws/install/qulido_robot_msgs' for CMake module files
[5.255s] [34mcolcon.colcon_core.environment[0m [1;30mLevel 1[0m checking '/home/rokey/quoridor_ws/install/qulido_robot_msgs' for CMake config files
[5.256s] [34mcolcon.colcon_core.shell[0m [1;30mLevel 1[0m create_environment_hook('qulido_robot_msgs', 'cmake_prefix_path')
[5.256s] [34mcolcon.colcon_core.shell[0m [1;30mINFO[0m Creating environment hook '/home/rokey/quoridor_ws/install/qulido_robot_msgs/share/qulido_robot_msgs/hook/cmake_prefix_path.ps1'
[5.256s] [34mcolcon.colcon_core.shell[0m [1;30mINFO[0m Creating environment descriptor '/home/rokey/quoridor_ws/install/qulido_robot_msgs/share/qulido_robot_msgs/hook/cmake_prefix_path.dsv'
[5.256s] [34mcolcon.colcon_core.shell[0m [1;30mINFO[0m Creating environment hook '/home/rokey/quoridor_ws/install/qulido_robot_msgs/share/qulido_robot_msgs/hook/cmake_prefix_path.sh'
[5.257s] [34mcolcon.colcon_core.environment[0m [1;30mLevel 1[0m checking '/home/rokey/quoridor_ws/install/qulido_robot_msgs/lib'
[5.257s] [34mcolcon.colcon_core.shell[0m [1;30mLevel 1[0m create_environment_hook('qulido_robot_msgs', 'ld_library_path_lib')
[5.257s] [34mcolcon.colcon_core.shell[0m [1;30mINFO[0m Creating environment hook '/home/rokey/quoridor_ws/install/qulido_robot_msgs/share/qulido_robot_msgs/hook/ld_library_path_lib.ps1'
[5.257s] [34mcolcon.colcon_core.shell[0m [1;30mINFO[0m Creating environment descriptor '/home/rokey/quoridor_ws/install/qulido_robot_msgs/share/qulido_robot_msgs/hook/ld_library_path_lib.dsv'
[5.258s] [34mcolcon.colcon_core.shell[0m [1;30mINFO[0m Creating environment hook '/home/rokey/quoridor_ws/install/qulido_robot_msgs/share/qulido_robot_msgs/hook/ld_library_path_lib.sh'
[5.258s] [34mcolcon.colcon_core.environment[0m [1;30mLevel 1[0m checking '/home/rokey/quoridor_ws/install/qulido_robot_msgs/bin'
[5.258s] [34mcolcon.colcon_core.environment[0m [1;30mLevel 1[0m checking '/home/rokey/quoridor_ws/install/qulido_robot_msgs/lib/pkgconfig/qulido_robot_msgs.pc'
[5.258s] [34mcolcon.colcon_core.environment[0m [1;30mLevel 1[0m checking '/home/rokey/quoridor_ws/install/qulido_robot_msgs/lib/python3.10/site-packages'
[5.258s] [34mcolcon.colcon_core.environment[0m [1;30mLevel 1[0m checking '/home/rokey/quoridor_ws/install/qulido_robot_msgs/bin'
[5.258s] [34mcolcon.colcon_core.shell[0m [1;30mINFO[0m Creating package script '/home/rokey/quoridor_ws/install/qulido_robot_msgs/share/qulido_robot_msgs/package.ps1'
[5.259s] [34mcolcon.colcon_core.shell[0m [1;30mINFO[0m Creating package descriptor '/home/rokey/quoridor_ws/install/qulido_robot_msgs/share/qulido_robot_msgs/package.dsv'
[5.259s] [34mcolcon.colcon_core.shell[0m [1;30mINFO[0m Creating package script '/home/rokey/quoridor_ws/install/qulido_robot_msgs/share/qulido_robot_msgs/package.sh'
[5.259s] [34mcolcon.colcon_core.shell[0m [1;30mINFO[0m Creating package script '/home/rokey/quoridor_ws/install/qulido_robot_msgs/share/qulido_robot_msgs/package.bash'
[5.260s] [34mcolcon.colcon_core.shell[0m [1;30mINFO[0m Creating package script '/home/rokey/quoridor_ws/install/qulido_robot_msgs/share/qulido_robot_msgs/package.zsh'
[5.260s] [34mcolcon.colcon_core.environment[0m [1;30mLevel 1[0m create_file_with_runtime_dependencies(/home/rokey/quoridor_ws/install/qulido_robot_msgs/share/colcon-core/packages/qulido_robot_msgs)
[5.260s] [34mcolcon.colcon_core.environment[0m [1;30mLevel 1[0m create_environment_scripts_only(qulido_robot_msgs)
[5.261s] [34mcolcon.colcon_core.environment[0m [1;30mLevel 1[0m checking '/home/rokey/quoridor_ws/install/qulido_robot_msgs' for CMake module files
[5.261s] [34mcolcon.colcon_core.environment[0m [1;30mLevel 1[0m checking '/home/rokey/quoridor_ws/install/qulido_robot_msgs' for CMake config files
[5.261s] [34mcolcon.colcon_core.shell[0m [1;30mLevel 1[0m create_environment_hook('qulido_robot_msgs', 'cmake_prefix_path')
[5.261s] [34mcolcon.colcon_core.shell[0m [1;30mINFO[0m Creating environment hook '/home/rokey/quoridor_ws/install/qulido_robot_msgs/share/qulido_robot_msgs/hook/cmake_prefix_path.ps1'
[5.261s] [34mcolcon.colcon_core.shell[0m [1;30mINFO[0m Creating environment descriptor '/home/rokey/quoridor_ws/install/qulido_robot_msgs/share/qulido_robot_msgs/hook/cmake_prefix_path.dsv'
[5.262s] [34mcolcon.colcon_core.shell[0m [1;30mINFO[0m Creating environment hook '/home/rokey/quoridor_ws/install/qulido_robot_msgs/share/qulido_robot_msgs/hook/cmake_prefix_path.sh'
[5.262s] [34mcolcon.colcon_core.environment[0m [1;30mLevel 1[0m checking '/home/rokey/quoridor_ws/install/qulido_robot_msgs/lib'
[5.262s] [34mcolcon.colcon_core.shell[0m [1;30mLevel 1[0m create_environment_hook('qulido_robot_msgs', 'ld_library_path_lib')
[5.262s] [34mcolcon.colcon_core.shell[0m [1;30mINFO[0m Creating environment hook '/home/rokey/quoridor_ws/install/qulido_robot_msgs/share/qulido_robot_msgs/hook/ld_library_path_lib.ps1'
[5.262s] [34mcolcon.colcon_core.shell[0m [1;30mINFO[0m Creating environment descriptor '/home/rokey/quoridor_ws/install/qulido_robot_msgs/share/qulido_robot_msgs/hook/ld_library_path_lib.dsv'
[5.262s] [34mcolcon.colcon_core.shell[0m [1;30mINFO[0m Creating environment hook '/home/rokey/quoridor_ws/install/qulido_robot_msgs/share/qulido_robot_msgs/hook/ld_library_path_lib.sh'
[5.263s] [34mcolcon.colcon_core.environment[0m [1;30mLevel 1[0m checking '/home/rokey/quoridor_ws/install/qulido_robot_msgs/bin'
[5.263s] [34mcolcon.colcon_core.environment[0m [1;30mLevel 1[0m checking '/home/rokey/quoridor_ws/install/qulido_robot_msgs/lib/pkgconfig/qulido_robot_msgs.pc'
[5.263s] [34mcolcon.colcon_core.environment[0m [1;30mLevel 1[0m checking '/home/rokey/quoridor_ws/install/qulido_robot_msgs/lib/python3.10/site-packages'
[5.263s] [34mcolcon.colcon_core.environment[0m [1;30mLevel 1[0m checking '/home/rokey/quoridor_ws/install/qulido_robot_msgs/bin'
[5.263s] [34mcolcon.colcon_core.shell[0m [1;30mINFO[0m Creating package script '/home/rokey/quoridor_ws/install/qulido_robot_msgs/share/qulido_robot_msgs/package.ps1'
[5.263s] [34mcolcon.colcon_core.shell[0m [1;30mINFO[0m Creating package descriptor '/home/rokey/quoridor_ws/install/qulido_robot_msgs/share/qulido_robot_msgs/package.dsv'
[5.264s] [34mcolcon.colcon_core.shell[0m [1;30mINFO[0m Creating package script '/home/rokey/quoridor_ws/install/qulido_robot_msgs/share/qulido_robot_msgs/package.sh'
[5.264s] [34mcolcon.colcon_core.shell[0m [1;30mINFO[0m Creating package script '/home/rokey/quoridor_ws/install/qulido_robot_msgs/share/qulido_robot_msgs/package.bash'
[5.264s] [34mcolcon.colcon_core.shell[0m [1;30mINFO[0m Creating package script '/home/rokey/quoridor_ws/install/qulido_robot_msgs/share/qulido_robot_msgs/package.zsh'
[5.265s] [34mcolcon.colcon_core.environment[0m [1;30mLevel 1[0m create_file_with_runtime_dependencies(/home/rokey/quoridor_ws/install/qulido_robot_msgs/share/colcon-core/packages/qulido_robot_msgs)
[5.265s] [34mcolcon.colcon_ros.task.ament_python.build[0m [1;30mINFO[0m Building ROS package in '/home/rokey/quoridor_ws/src/quoridor_main' with build type 'ament_python'
[5.265s] [34mcolcon.colcon_core.shell[0m [1;30mLevel 1[0m create_environment_hook('quoridor_main', 'ament_prefix_path')
[5.265s] [34mcolcon.colcon_core.shell[0m [1;30mINFO[0m Creating environment hook '/home/rokey/quoridor_ws/install/quoridor_main/share/quoridor_main/hook/ament_prefix_path.ps1'
[5.265s] [34mcolcon.colcon_core.shell[0m [1;30mINFO[0m Creating environment descriptor '/home/rokey/quoridor_ws/install/quoridor_main/share/quoridor_main/hook/ament_prefix_path.dsv'
[5.266s] [34mcolcon.colcon_core.shell[0m [1;30mINFO[0m Creating environment hook '/home/rokey/quoridor_ws/install/quoridor_main/share/quoridor_main/hook/ament_prefix_path.sh'
[5.266s] [34mcolcon.colcon_core.shell[0m [1;30mINFO[0m Skip shell extension 'powershell' for command environment: Not usable outside of PowerShell
[5.266s] [34mcolcon.colcon_core.shell[0m [1;30mDEBUG[0m [32mSkip shell extension 'dsv' for command environment[0m
[5.457s] [34mcolcon.colcon_core.task.python.build[0m [1;30mINFO[0m Building Python package in '/home/rokey/quoridor_ws/src/quoridor_main'
[5.457s] [34mcolcon.colcon_core.shell[0m [1;30mINFO[0m Skip shell extension 'powershell' for command environment: Not usable outside of PowerShell
[5.457s] [34mcolcon.colcon_core.shell[0m [1;30mDEBUG[0m [32mSkip shell extension 'dsv' for command environment[0m
[5.698s] [34mcolcon.colcon_core.event_handler.log_command[0m [1;30mDEBUG[0m [32mInvoking command in '/home/rokey/quoridor_ws/build/quoridor_main': PYTHONPATH=/home/rokey/quoridor_ws/build/quoridor_main/prefix_override:/usr/lib/python3/dist-packages/colcon_core/task/python/colcon_distutils_commands:/home/rokey/quoridor_ws/install/quoridor_main/lib/python3.10/site-packages:${PYTHONPATH} /usr/bin/python3 -W ignore:setup.py install is deprecated -W ignore:easy_install command is deprecated setup.py develop --editable --build-directory /home/rokey/quoridor_ws/build/quoridor_main/build --no-deps symlink_data[0m
[6.008s] [34mcolcon.colcon_core.shell[0m [1;30mLevel 1[0m create_environment_hook('quoridor_main', 'pythonpath_develop')
[6.008s] [34mcolcon.colcon_core.shell[0m [1;30mINFO[0m Creating environment hook '/home/rokey/quoridor_ws/build/quoridor_main/share/quoridor_main/hook/pythonpath_develop.ps1'
[6.009s] [34mcolcon.colcon_core.event_handler.log_command[0m [1;30mDEBUG[0m [32mInvoked command in '/home/rokey/quoridor_ws/build/quoridor_main' returned '0': PYTHONPATH=/home/rokey/quoridor_ws/build/quoridor_main/prefix_override:/usr/lib/python3/dist-packages/colcon_core/task/python/colcon_distutils_commands:/home/rokey/quoridor_ws/install/quoridor_main/lib/python3.10/site-packages:${PYTHONPATH} /usr/bin/python3 -W ignore:setup.py install is deprecated -W ignore:easy_install command is deprecated setup.py develop --editable --build-directory /home/rokey/quoridor_ws/build/quoridor_main/build --no-deps symlink_data[0m
[6.009s] [34mcolcon.colcon_core.shell[0m [1;30mINFO[0m Creating environment descriptor '/home/rokey/quoridor_ws/build/quoridor_main/share/quoridor_main/hook/pythonpath_develop.dsv'
[6.009s] [34mcolcon.colcon_core.shell[0m [1;30mINFO[0m Creating environment hook '/home/rokey/quoridor_ws/build/quoridor_main/share/quoridor_main/hook/pythonpath_develop.sh'
[6.010s] [34mcolcon.colcon_core.environment[0m [1;30mLevel 1[0m checking '/home/rokey/quoridor_ws/install/quoridor_main' for CMake module files
[6.010s] [34mcolcon.colcon_core.environment[0m [1;30mLevel 1[0m checking '/home/rokey/quoridor_ws/install/quoridor_main' for CMake config files
[6.010s] [34mcolcon.colcon_core.environment[0m [1;30mLevel 1[0m checking '/home/rokey/quoridor_ws/install/quoridor_main/lib'
[6.010s] [34mcolcon.colcon_core.environment[0m [1;30mLevel 1[0m checking '/home/rokey/quoridor_ws/install/quoridor_main/bin'
[6.010s] [34mcolcon.colcon_core.environment[0m [1;30mLevel 1[0m checking '/home/rokey/quoridor_ws/install/quoridor_main/lib/pkgconfig/quoridor_main.pc'
[6.010s] [34mcolcon.colcon_core.environment[0m [1;30mLevel 1[0m checking '/home/rokey/quoridor_ws/install/quoridor_main/lib/python3.10/site-packages'
[6.010s] [34mcolcon.colcon_core.shell[0m [1;30mLevel 1[0m create_environment_hook('quoridor_main', 'pythonpath')
[6.010s] [34mcolcon.colcon_core.shell[0m [1;30mINFO[0m Creating environment hook '/home/rokey/quoridor_ws/install/quoridor_main/share/quoridor_main/hook/pythonpath.ps1'
[6.011s] [34mcolcon.colcon_core.shell[0m [1;30mINFO[0m Creating environment descriptor '/home/rokey/quoridor_ws/install/quoridor_main/share/quoridor_main/hook/pythonpath.dsv'
[6.011s] [34mcolcon.colcon_core.shell[0m [1;30mINFO[0m Creating environment hook '/home/rokey/quoridor_ws/install/quoridor_main/share/quoridor_main/hook/pythonpath.sh'
[6.011s] [34mcolcon.colcon_core.environment[0m [1;30mLevel 1[0m checking '/home/rokey/quoridor_ws/install/quoridor_main/bin'
[6.011s] [34mcolcon.colcon_core.environment[0m [1;30mLevel 1[0m create_environment_scripts_only(quoridor_main)
[6.011s] [34mcolcon.colcon_core.shell[0m [1;30mINFO[0m Creating package script '/home/rokey/quoridor_ws/install/quoridor_main/share/quoridor_main/package.ps1'
[6.012s] [34mcolcon.colcon_core.shell[0m [1;30mINFO[0m Creating package descriptor '/home/rokey/quoridor_ws/install/quoridor_main/share/quoridor_main/package.dsv'
[6.012s] [34mcolcon.colcon_core.shell[0m [1;30mINFO[0m Creating package script '/home/rokey/quoridor_ws/install/quoridor_main/share/quoridor_main/package.sh'
[6.012s] [34mcolcon.colcon_core.shell[0m [1;30mINFO[0m Creating package script '/home/rokey/quoridor_ws/install/quoridor_main/share/quoridor_main/package.bash'
[6.012s] [34mcolcon.colcon_core.shell[0m [1;30mINFO[0m Creating package script '/home/rokey/quoridor_ws/install/quoridor_main/share/quoridor_main/package.zsh'
[6.013s] [34mcolcon.colcon_core.environment[0m [1;30mLevel 1[0m create_file_with_runtime_dependencies(/home/rokey/quoridor_ws/install/quoridor_main/share/colcon-core/packages/quoridor_main)
[6.013s] [34mcolcon.colcon_parallel_executor.executor.parallel[0m [1;30mDEBUG[0m [32mclosing loop[0m
[6.013s] [34mcolcon.colcon_parallel_executor.executor.parallel[0m [1;30mDEBUG[0m [32mloop closed[0m
[6.013s] [34mcolcon.colcon_parallel_executor.executor.parallel[0m [1;30mDEBUG[0m [32mrun_until_complete finished with '0'[0m
[6.013s] [34mcolcon.colcon_core.event_reactor[0m [1;30mDEBUG[0m [32mjoining thread[0m
[6.019s] [34mcolcon.colcon_core.plugin_system[0m [1;30mINFO[0m Skipping extension 'colcon_notification.desktop_notification.terminal_notifier': Not used on non-Darwin systems
[6.019s] [34mcolcon.colcon_core.plugin_system[0m [1;30mINFO[0m Skipping extension 'colcon_notification.desktop_notification.win32': Not used on non-Windows systems
[6.019s] [34mcolcon.colcon_notification.desktop_notification[0m [1;30mINFO[0m Sending desktop notification using 'notify2'
[6.029s] [34mcolcon.colcon_core.event_reactor[0m [1;30mDEBUG[0m [32mjoined thread[0m
[6.030s] [34mcolcon.colcon_core.shell[0m [1;30mINFO[0m Creating prefix script '/home/rokey/quoridor_ws/install/local_setup.ps1'
[6.030s] [34mcolcon.colcon_core.shell[0m [1;30mINFO[0m Creating prefix util module '/home/rokey/quoridor_ws/install/_local_setup_util_ps1.py'
[6.031s] [34mcolcon.colcon_core.shell[0m [1;30mINFO[0m Creating prefix chain script '/home/rokey/quoridor_ws/install/setup.ps1'
[6.032s] [34mcolcon.colcon_core.shell[0m [1;30mINFO[0m Creating prefix script '/home/rokey/quoridor_ws/install/local_setup.sh'
[6.032s] [34mcolcon.colcon_core.shell[0m [1;30mINFO[0m Creating prefix util module '/home/rokey/quoridor_ws/install/_local_setup_util_sh.py'
[6.032s] [34mcolcon.colcon_core.shell[0m [1;30mINFO[0m Creating prefix chain script '/home/rokey/quoridor_ws/install/setup.sh'
[6.033s] [34mcolcon.colcon_core.shell[0m [1;30mINFO[0m Creating prefix script '/home/rokey/quoridor_ws/install/local_setup.bash'
[6.034s] [34mcolcon.colcon_core.shell[0m [1;30mINFO[0m Creating prefix chain script '/home/rokey/quoridor_ws/install/setup.bash'
[6.034s] [34mcolcon.colcon_core.shell[0m [1;30mINFO[0m Creating prefix script '/home/rokey/quoridor_ws/install/local_setup.zsh'
[6.035s] [34mcolcon.colcon_core.shell[0m [1;30mINFO[0m Creating prefix chain script '/home/rokey/quoridor_ws/install/setup.zsh'
