[0.008s] Invoking command in '/home/rokey/quoridor_ws/build/qulido_robot_msgs': CMAKE_PREFIX_PATH=/home/rokey/quoridor_ws/install/qulido_robot_msgs:/home/rokey/quoridor_ws/install/quoridor_main:/home/rokey/ros2_ws/install/rokey:/home/rokey/ros2_ws/install/pick_and_place_voice:/home/rokey/ros2_ws/install/pick_and_place_text:/home/rokey/ros2_ws/install/dsr_visualservoing:/home/rokey/ros2_ws/install/dsr_tests:/home/rokey/ros2_ws/install/dsr_bringup2:/home/rokey/ros2_ws/install/dsr_example:/opt/ros/humble:/home/rokey/ros2_ws/install/od_msg:/home/rokey/ros2_ws/install/dsr_realtime_control:/home/rokey/ros2_ws/install/dsr_controller2:/home/rokey/ros2_ws/install/dsr_msgs2:/home/rokey/ros2_ws/install/dsr_moveit_config_p3020:/home/rokey/ros2_ws/install/dsr_moveit_config_m1509:/home/rokey/ros2_ws/install/dsr_moveit_config_m1013:/home/rokey/ros2_ws/install/dsr_moveit_config_m0617:/home/rokey/ros2_ws/install/dsr_moveit_config_m0609:/home/rokey/ros2_ws/install/dsr_moveit_config_h2515:/home/rokey/ros2_ws/install/dsr_moveit_config_h2017:/home/rokey/ros2_ws/install/dsr_moveit_config_e0509:/home/rokey/ros2_ws/install/dsr_moveit_config_a0912:/home/rokey/ros2_ws/install/dsr_moveit_config_a0509:/home/rokey/ros2_ws/install/dsr_hardware2:/home/rokey/ros2_ws/install/dsr_gazebo2:/home/rokey/ros2_ws/install/dsr_description2:/home/rokey/ros2_ws/install/dsr_common2 /usr/bin/cmake /home/rokey/quoridor_ws/src/qulido_robot_msgs -DAMENT_CMAKE_SYMLINK_INSTALL=1 -DCMAKE_INSTALL_PREFIX=/home/rokey/quoridor_ws/install/qulido_robot_msgs
[0.068s] -- The C compiler identification is GNU 11.4.0
[0.140s] -- The CXX compiler identification is GNU 11.4.0
[0.145s] -- Detecting C compiler ABI info
[0.235s] -- Detecting C compiler ABI info - done
[0.240s] -- Check for working C compiler: /usr/bin/cc - skipped
[0.240s] -- Detecting C compile features
[0.241s] -- Detecting C compile features - done
[0.243s] -- Detecting CXX compiler ABI info
[0.321s] -- Detecting CXX compiler ABI info - done
[0.326s] -- Check for working CXX compiler: /usr/bin/c++ - skipped
[0.326s] -- Detecting CXX compile features
[0.326s] -- Detecting CXX compile features - done
[0.328s] -- Found ament_cmake: 1.3.12 (/opt/ros/humble/share/ament_cmake/cmake)
[0.475s] -- Found Python3: /usr/bin/python3 (found version "3.10.12") found components: Interpreter 
[0.532s] -- Override CMake install command with custom implementation using symlinks instead of copying resources
[0.555s] -- Found rosidl_default_generators: 1.2.0 (/opt/ros/humble/share/rosidl_default_generators/cmake)
[0.560s] -- Using all available rosidl_typesupport_c: rosidl_typesupport_fastrtps_c;rosidl_typesupport_introspection_c
[0.570s] -- Found rosidl_adapter: 3.1.7 (/opt/ros/humble/share/rosidl_adapter/cmake)
[0.600s] -- Using all available rosidl_typesupport_cpp: rosidl_typesupport_fastrtps_cpp;rosidl_typesupport_introspection_cpp
[0.870s] -- Found ament_cmake_ros: 0.10.0 (/opt/ros/humble/share/ament_cmake_ros/cmake)
[1.037s] -- Using all available rosidl_typesupport_c: rosidl_typesupport_fastrtps_c;rosidl_typesupport_introspection_c
[1.251s] -- Using all available rosidl_typesupport_cpp: rosidl_typesupport_fastrtps_cpp;rosidl_typesupport_introspection_cpp
[1.272s] -- Found PythonInterp: /usr/bin/python3 (found suitable version "3.10.12", minimum required is "3.6") 
[1.273s] -- Found python_cmake_module: 0.10.0 (/opt/ros/humble/share/python_cmake_module/cmake)
[1.297s] -- Found PythonLibs: /usr/lib/x86_64-linux-gnu/libpython3.10.so (found suitable version "3.10.12", minimum required is "3.5") 
[1.297s] -- Using PYTHON_EXECUTABLE: /usr/bin/python3
[1.297s] -- Using PYTHON_INCLUDE_DIRS: /usr/include/python3.10
[1.297s] -- Using PYTHON_LIBRARIES: /usr/lib/x86_64-linux-gnu/libpython3.10.so
[1.322s] -- Found PythonExtra: .so  
[1.395s] -- Found ament_lint_auto: 0.12.14 (/opt/ros/humble/share/ament_lint_auto/cmake)
[1.407s] -- Added test 'lint_cmake' to check CMake code style
[1.408s] -- Added test 'xmllint' to check XML markup files
[1.410s] -- Configuring done
[1.429s] -- Generating done
[1.436s] -- Build files have been written to: /home/rokey/quoridor_ws/build/qulido_robot_msgs
[1.440s] Invoked command in '/home/rokey/quoridor_ws/build/qulido_robot_msgs' returned '0': CMAKE_PREFIX_PATH=/home/rokey/quoridor_ws/install/qulido_robot_msgs:/home/rokey/quoridor_ws/install/quoridor_main:/home/rokey/ros2_ws/install/rokey:/home/rokey/ros2_ws/install/pick_and_place_voice:/home/rokey/ros2_ws/install/pick_and_place_text:/home/rokey/ros2_ws/install/dsr_visualservoing:/home/rokey/ros2_ws/install/dsr_tests:/home/rokey/ros2_ws/install/dsr_bringup2:/home/rokey/ros2_ws/install/dsr_example:/opt/ros/humble:/home/rokey/ros2_ws/install/od_msg:/home/rokey/ros2_ws/install/dsr_realtime_control:/home/rokey/ros2_ws/install/dsr_controller2:/home/rokey/ros2_ws/install/dsr_msgs2:/home/rokey/ros2_ws/install/dsr_moveit_config_p3020:/home/rokey/ros2_ws/install/dsr_moveit_config_m1509:/home/rokey/ros2_ws/install/dsr_moveit_config_m1013:/home/rokey/ros2_ws/install/dsr_moveit_config_m0617:/home/rokey/ros2_ws/install/dsr_moveit_config_m0609:/home/rokey/ros2_ws/install/dsr_moveit_config_h2515:/home/rokey/ros2_ws/install/dsr_moveit_config_h2017:/home/rokey/ros2_ws/install/dsr_moveit_config_e0509:/home/rokey/ros2_ws/install/dsr_moveit_config_a0912:/home/rokey/ros2_ws/install/dsr_moveit_config_a0509:/home/rokey/ros2_ws/install/dsr_hardware2:/home/rokey/ros2_ws/install/dsr_gazebo2:/home/rokey/ros2_ws/install/dsr_description2:/home/rokey/ros2_ws/install/dsr_common2 /usr/bin/cmake /home/rokey/quoridor_ws/src/qulido_robot_msgs -DAMENT_CMAKE_SYMLINK_INSTALL=1 -DCMAKE_INSTALL_PREFIX=/home/rokey/quoridor_ws/install/qulido_robot_msgs
[1.442s] Invoking command in '/home/rokey/quoridor_ws/build/qulido_robot_msgs': CMAKE_PREFIX_PATH=/home/rokey/quoridor_ws/install/qulido_robot_msgs:/home/rokey/quoridor_ws/install/quoridor_main:/home/rokey/ros2_ws/install/rokey:/home/rokey/ros2_ws/install/pick_and_place_voice:/home/rokey/ros2_ws/install/pick_and_place_text:/home/rokey/ros2_ws/install/dsr_visualservoing:/home/rokey/ros2_ws/install/dsr_tests:/home/rokey/ros2_ws/install/dsr_bringup2:/home/rokey/ros2_ws/install/dsr_example:/opt/ros/humble:/home/rokey/ros2_ws/install/od_msg:/home/rokey/ros2_ws/install/dsr_realtime_control:/home/rokey/ros2_ws/install/dsr_controller2:/home/rokey/ros2_ws/install/dsr_msgs2:/home/rokey/ros2_ws/install/dsr_moveit_config_p3020:/home/rokey/ros2_ws/install/dsr_moveit_config_m1509:/home/rokey/ros2_ws/install/dsr_moveit_config_m1013:/home/rokey/ros2_ws/install/dsr_moveit_config_m0617:/home/rokey/ros2_ws/install/dsr_moveit_config_m0609:/home/rokey/ros2_ws/install/dsr_moveit_config_h2515:/home/rokey/ros2_ws/install/dsr_moveit_config_h2017:/home/rokey/ros2_ws/install/dsr_moveit_config_e0509:/home/rokey/ros2_ws/install/dsr_moveit_config_a0912:/home/rokey/ros2_ws/install/dsr_moveit_config_a0509:/home/rokey/ros2_ws/install/dsr_hardware2:/home/rokey/ros2_ws/install/dsr_gazebo2:/home/rokey/ros2_ws/install/dsr_description2:/home/rokey/ros2_ws/install/dsr_common2 /usr/bin/cmake --build /home/rokey/quoridor_ws/build/qulido_robot_msgs -- -j16 -l16
[1.505s] [  2%] [34m[1mGenerating C code for ROS interfaces[0m
[1.519s] [  4%] [34m[1mGenerating C++ code for ROS interfaces[0m
[1.524s] [  4%] Built target ament_cmake_python_symlink_qulido_robot_msgs
[1.693s] running egg_info
[1.693s] creating qulido_robot_msgs.egg-info
[1.693s] writing qulido_robot_msgs.egg-info/PKG-INFO
[1.694s] writing dependency_links to qulido_robot_msgs.egg-info/dependency_links.txt
[1.694s] writing top-level names to qulido_robot_msgs.egg-info/top_level.txt
[1.694s] writing manifest file 'qulido_robot_msgs.egg-info/SOURCES.txt'
[1.695s] reading manifest file 'qulido_robot_msgs.egg-info/SOURCES.txt'
[1.695s] writing manifest file 'qulido_robot_msgs.egg-info/SOURCES.txt'
[1.715s] [  4%] Built target ament_cmake_python_build_qulido_robot_msgs_egg
[1.864s] [  4%] Built target qulido_robot_msgs__cpp
[1.864s] [  6%] [32mBuilding C object CMakeFiles/qulido_robot_msgs__rosidl_generator_c.dir/rosidl_generator_c/qulido_robot_msgs/msg/detail/motion_sequence__functions.c.o[0m
[1.865s] [  8%] [32mBuilding C object CMakeFiles/qulido_robot_msgs__rosidl_generator_c.dir/rosidl_generator_c/qulido_robot_msgs/action/detail/execute_motion__functions.c.o[0m
[1.866s] [ 10%] [32mBuilding C object CMakeFiles/qulido_robot_msgs__rosidl_generator_c.dir/rosidl_generator_c/qulido_robot_msgs/msg/detail/motion_primitive__functions.c.o[0m
[1.871s] [ 12%] [34m[1mGenerating C++ type support dispatch for ROS interfaces[0m
[1.874s] [ 14%] [34m[1mGenerating C++ introspection for ROS interfaces[0m
[1.874s] [ 17%] [34m[1mGenerating C++ type support for eProsima Fast-RTPS[0m
[1.950s] [ 19%] [32m[1mLinking C shared library libqulido_robot_msgs__rosidl_generator_c.so[0m
[1.981s] [ 19%] Built target qulido_robot_msgs__rosidl_generator_c
[1.987s] [ 21%] [34m[1mGenerating C type support dispatch for ROS interfaces[0m
[1.990s] [ 25%] [34m[1mGenerating C introspection for ROS interfaces[0m
[1.990s] [ 25%] [34m[1mGenerating C type support for eProsima Fast-RTPS[0m
[2.113s] [ 27%] [32mBuilding CXX object CMakeFiles/qulido_robot_msgs__rosidl_typesupport_cpp.dir/rosidl_typesupport_cpp/qulido_robot_msgs/msg/motion_sequence__type_support.cpp.o[0m
[2.115s] [ 29%] [32mBuilding CXX object CMakeFiles/qulido_robot_msgs__rosidl_typesupport_cpp.dir/rosidl_typesupport_cpp/qulido_robot_msgs/msg/motion_primitive__type_support.cpp.o[0m
[2.115s] [ 31%] [32mBuilding CXX object CMakeFiles/qulido_robot_msgs__rosidl_typesupport_cpp.dir/rosidl_typesupport_cpp/qulido_robot_msgs/action/execute_motion__type_support.cpp.o[0m
[2.156s] [ 34%] [32mBuilding CXX object CMakeFiles/qulido_robot_msgs__rosidl_typesupport_introspection_cpp.dir/rosidl_typesupport_introspection_cpp/qulido_robot_msgs/msg/detail/motion_primitive__type_support.cpp.o[0m
[2.158s] [ 36%] [32mBuilding CXX object CMakeFiles/qulido_robot_msgs__rosidl_typesupport_introspection_cpp.dir/rosidl_typesupport_introspection_cpp/qulido_robot_msgs/action/detail/execute_motion__type_support.cpp.o[0m
[2.158s] [ 38%] [32mBuilding CXX object CMakeFiles/qulido_robot_msgs__rosidl_typesupport_introspection_cpp.dir/rosidl_typesupport_introspection_cpp/qulido_robot_msgs/msg/detail/motion_sequence__type_support.cpp.o[0m
[2.196s] [ 40%] [32mBuilding CXX object CMakeFiles/qulido_robot_msgs__rosidl_typesupport_fastrtps_cpp.dir/rosidl_typesupport_fastrtps_cpp/qulido_robot_msgs/msg/detail/dds_fastrtps/motion_primitive__type_support.cpp.o[0m
[2.198s] [ 44%] [32mBuilding CXX object CMakeFiles/qulido_robot_msgs__rosidl_typesupport_fastrtps_cpp.dir/rosidl_typesupport_fastrtps_cpp/qulido_robot_msgs/msg/detail/dds_fastrtps/motion_sequence__type_support.cpp.o[0m
[2.198s] [ 44%] [32mBuilding CXX object CMakeFiles/qulido_robot_msgs__rosidl_typesupport_fastrtps_cpp.dir/rosidl_typesupport_fastrtps_cpp/qulido_robot_msgs/action/detail/dds_fastrtps/execute_motion__type_support.cpp.o[0m
[2.245s] [ 48%] [32mBuilding CXX object CMakeFiles/qulido_robot_msgs__rosidl_typesupport_c.dir/rosidl_typesupport_c/qulido_robot_msgs/msg/motion_primitive__type_support.cpp.o[0m
[2.245s] [ 48%] [32mBuilding CXX object CMakeFiles/qulido_robot_msgs__rosidl_typesupport_c.dir/rosidl_typesupport_c/qulido_robot_msgs/action/execute_motion__type_support.cpp.o[0m
[2.245s] [ 51%] [32mBuilding CXX object CMakeFiles/qulido_robot_msgs__rosidl_typesupport_c.dir/rosidl_typesupport_c/qulido_robot_msgs/msg/motion_sequence__type_support.cpp.o[0m
[2.296s] [ 53%] [32m[1mLinking CXX shared library libqulido_robot_msgs__rosidl_typesupport_c.so[0m
[2.312s] [ 57%] [32mBuilding C object CMakeFiles/qulido_robot_msgs__rosidl_typesupport_introspection_c.dir/rosidl_typesupport_introspection_c/qulido_robot_msgs/msg/detail/motion_primitive__type_support.c.o[0m
[2.312s] [ 57%] [32mBuilding C object CMakeFiles/qulido_robot_msgs__rosidl_typesupport_introspection_c.dir/rosidl_typesupport_introspection_c/qulido_robot_msgs/msg/detail/motion_sequence__type_support.c.o[0m
[2.312s] [ 59%] [32mBuilding C object CMakeFiles/qulido_robot_msgs__rosidl_typesupport_introspection_c.dir/rosidl_typesupport_introspection_c/qulido_robot_msgs/action/detail/execute_motion__type_support.c.o[0m
[2.344s] [ 59%] Built target qulido_robot_msgs__rosidl_typesupport_c
[2.363s] [ 61%] [32m[1mLinking C shared library libqulido_robot_msgs__rosidl_typesupport_introspection_c.so[0m
[2.364s] [ 63%] [32mBuilding CXX object CMakeFiles/qulido_robot_msgs__rosidl_typesupport_fastrtps_c.dir/rosidl_typesupport_fastrtps_c/qulido_robot_msgs/msg/detail/motion_sequence__type_support_c.cpp.o[0m
[2.364s] [ 68%] [32mBuilding CXX object CMakeFiles/qulido_robot_msgs__rosidl_typesupport_fastrtps_c.dir/rosidl_typesupport_fastrtps_c/qulido_robot_msgs/msg/detail/motion_primitive__type_support_c.cpp.o[0m
[2.364s] [ 68%] [32mBuilding CXX object CMakeFiles/qulido_robot_msgs__rosidl_typesupport_fastrtps_c.dir/rosidl_typesupport_fastrtps_c/qulido_robot_msgs/action/detail/execute_motion__type_support_c.cpp.o[0m
[2.400s] [ 68%] Built target qulido_robot_msgs__rosidl_typesupport_introspection_c
[2.468s] [ 70%] [32m[1mLinking CXX shared library libqulido_robot_msgs__rosidl_typesupport_cpp.so[0m
[2.515s] [ 70%] Built target qulido_robot_msgs__rosidl_typesupport_cpp
[2.615s] [ 72%] [32m[1mLinking CXX shared library libqulido_robot_msgs__rosidl_typesupport_fastrtps_c.so[0m
[2.628s] [ 74%] [32m[1mLinking CXX shared library libqulido_robot_msgs__rosidl_typesupport_introspection_cpp.so[0m
[2.629s] [ 76%] [32m[1mLinking CXX shared library libqulido_robot_msgs__rosidl_typesupport_fastrtps_cpp.so[0m
[2.668s] [ 76%] Built target qulido_robot_msgs__rosidl_typesupport_fastrtps_c
[2.682s] [ 76%] Built target qulido_robot_msgs__rosidl_typesupport_fastrtps_cpp
[2.683s] [ 76%] Built target qulido_robot_msgs__rosidl_typesupport_introspection_cpp
[2.697s] [ 76%] Built target qulido_robot_msgs
[2.731s] [ 78%] [34m[1mGenerating Python code for ROS interfaces[0m
[3.309s] [ 78%] Built target qulido_robot_msgs__py
[3.335s] [ 80%] [32mBuilding C object CMakeFiles/qulido_robot_msgs__rosidl_generator_py.dir/rosidl_generator_py/qulido_robot_msgs/action/_execute_motion_s.c.o[0m
[3.337s] [ 82%] [32mBuilding C object CMakeFiles/qulido_robot_msgs__rosidl_generator_py.dir/rosidl_generator_py/qulido_robot_msgs/msg/_motion_primitive_s.c.o[0m
[3.338s] [ 85%] [32mBuilding C object CMakeFiles/qulido_robot_msgs__rosidl_generator_py.dir/rosidl_generator_py/qulido_robot_msgs/msg/_motion_sequence_s.c.o[0m
[3.435s] [ 87%] [32m[1mLinking C shared library rosidl_generator_py/qulido_robot_msgs/libqulido_robot_msgs__rosidl_generator_py.so[0m
[3.476s] [ 87%] Built target qulido_robot_msgs__rosidl_generator_py
[3.492s] [ 89%] [32mBuilding C object CMakeFiles/qulido_robot_msgs__rosidl_typesupport_c__pyext.dir/rosidl_generator_py/qulido_robot_msgs/_qulido_robot_msgs_s.ep.rosidl_typesupport_c.c.o[0m
[3.495s] [ 91%] [32mBuilding C object CMakeFiles/qulido_robot_msgs__rosidl_typesupport_fastrtps_c__pyext.dir/rosidl_generator_py/qulido_robot_msgs/_qulido_robot_msgs_s.ep.rosidl_typesupport_fastrtps_c.c.o[0m
[3.495s] [ 93%] [32mBuilding C object CMakeFiles/qulido_robot_msgs__rosidl_typesupport_introspection_c__pyext.dir/rosidl_generator_py/qulido_robot_msgs/_qulido_robot_msgs_s.ep.rosidl_typesupport_introspection_c.c.o[0m
[3.575s] [ 95%] [32m[1mLinking C shared library rosidl_generator_py/qulido_robot_msgs/qulido_robot_msgs_s__rosidl_typesupport_introspection_c.cpython-310-x86_64-linux-gnu.so[0m
[3.576s] [ 97%] [32m[1mLinking C shared library rosidl_generator_py/qulido_robot_msgs/qulido_robot_msgs_s__rosidl_typesupport_c.cpython-310-x86_64-linux-gnu.so[0m
[3.578s] [100%] [32m[1mLinking C shared library rosidl_generator_py/qulido_robot_msgs/qulido_robot_msgs_s__rosidl_typesupport_fastrtps_c.cpython-310-x86_64-linux-gnu.so[0m
[3.604s] [100%] Built target qulido_robot_msgs__rosidl_typesupport_c__pyext
[3.610s] [100%] Built target qulido_robot_msgs__rosidl_typesupport_introspection_c__pyext
[3.611s] [100%] Built target qulido_robot_msgs__rosidl_typesupport_fastrtps_c__pyext
[3.621s] Invoked command in '/home/rokey/quoridor_ws/build/qulido_robot_msgs' returned '0': CMAKE_PREFIX_PATH=/home/rokey/quoridor_ws/install/qulido_robot_msgs:/home/rokey/quoridor_ws/install/quoridor_main:/home/rokey/ros2_ws/install/rokey:/home/rokey/ros2_ws/install/pick_and_place_voice:/home/rokey/ros2_ws/install/pick_and_place_text:/home/rokey/ros2_ws/install/dsr_visualservoing:/home/rokey/ros2_ws/install/dsr_tests:/home/rokey/ros2_ws/install/dsr_bringup2:/home/rokey/ros2_ws/install/dsr_example:/opt/ros/humble:/home/rokey/ros2_ws/install/od_msg:/home/rokey/ros2_ws/install/dsr_realtime_control:/home/rokey/ros2_ws/install/dsr_controller2:/home/rokey/ros2_ws/install/dsr_msgs2:/home/rokey/ros2_ws/install/dsr_moveit_config_p3020:/home/rokey/ros2_ws/install/dsr_moveit_config_m1509:/home/rokey/ros2_ws/install/dsr_moveit_config_m1013:/home/rokey/ros2_ws/install/dsr_moveit_config_m0617:/home/rokey/ros2_ws/install/dsr_moveit_config_m0609:/home/rokey/ros2_ws/install/dsr_moveit_config_h2515:/home/rokey/ros2_ws/install/dsr_moveit_config_h2017:/home/rokey/ros2_ws/install/dsr_moveit_config_e0509:/home/rokey/ros2_ws/install/dsr_moveit_config_a0912:/home/rokey/ros2_ws/install/dsr_moveit_config_a0509:/home/rokey/ros2_ws/install/dsr_hardware2:/home/rokey/ros2_ws/install/dsr_gazebo2:/home/rokey/ros2_ws/install/dsr_description2:/home/rokey/ros2_ws/install/dsr_common2 /usr/bin/cmake --build /home/rokey/quoridor_ws/build/qulido_robot_msgs -- -j16 -l16
[3.631s] Invoking command in '/home/rokey/quoridor_ws/build/qulido_robot_msgs': CMAKE_PREFIX_PATH=/home/rokey/quoridor_ws/install/qulido_robot_msgs:/home/rokey/quoridor_ws/install/quoridor_main:/home/rokey/ros2_ws/install/rokey:/home/rokey/ros2_ws/install/pick_and_place_voice:/home/rokey/ros2_ws/install/pick_and_place_text:/home/rokey/ros2_ws/install/dsr_visualservoing:/home/rokey/ros2_ws/install/dsr_tests:/home/rokey/ros2_ws/install/dsr_bringup2:/home/rokey/ros2_ws/install/dsr_example:/opt/ros/humble:/home/rokey/ros2_ws/install/od_msg:/home/rokey/ros2_ws/install/dsr_realtime_control:/home/rokey/ros2_ws/install/dsr_controller2:/home/rokey/ros2_ws/install/dsr_msgs2:/home/rokey/ros2_ws/install/dsr_moveit_config_p3020:/home/rokey/ros2_ws/install/dsr_moveit_config_m1509:/home/rokey/ros2_ws/install/dsr_moveit_config_m1013:/home/rokey/ros2_ws/install/dsr_moveit_config_m0617:/home/rokey/ros2_ws/install/dsr_moveit_config_m0609:/home/rokey/ros2_ws/install/dsr_moveit_config_h2515:/home/rokey/ros2_ws/install/dsr_moveit_config_h2017:/home/rokey/ros2_ws/install/dsr_moveit_config_e0509:/home/rokey/ros2_ws/install/dsr_moveit_config_a0912:/home/rokey/ros2_ws/install/dsr_moveit_config_a0509:/home/rokey/ros2_ws/install/dsr_hardware2:/home/rokey/ros2_ws/install/dsr_gazebo2:/home/rokey/ros2_ws/install/dsr_description2:/home/rokey/ros2_ws/install/dsr_common2 /usr/bin/cmake --install /home/rokey/quoridor_ws/build/qulido_robot_msgs
[3.639s] -- Install configuration: ""
[3.639s] -- Execute custom install script
[3.639s] -- Symlinking: /home/rokey/quoridor_ws/install/qulido_robot_msgs/share/ament_index/resource_index/rosidl_interfaces/qulido_robot_msgs
[3.645s] -- Symlinking: /home/rokey/quoridor_ws/install/qulido_robot_msgs/include/qulido_robot_msgs/qulido_robot_msgs/action/detail/execute_motion__functions.h
[3.653s] -- Symlinking: /home/rokey/quoridor_ws/install/qulido_robot_msgs/include/qulido_robot_msgs/qulido_robot_msgs/action/detail/execute_motion__struct.h
[3.670s] -- Symlinking: /home/rokey/quoridor_ws/install/qulido_robot_msgs/include/qulido_robot_msgs/qulido_robot_msgs/action/detail/execute_motion__type_support.h
[3.687s] -- Symlinking: /home/rokey/quoridor_ws/install/qulido_robot_msgs/include/qulido_robot_msgs/qulido_robot_msgs/action/execute_motion.h
[3.701s] -- Symlinking: /home/rokey/quoridor_ws/install/qulido_robot_msgs/include/qulido_robot_msgs/qulido_robot_msgs/msg/detail/motion_primitive__functions.h
[3.716s] -- Symlinking: /home/rokey/quoridor_ws/install/qulido_robot_msgs/include/qulido_robot_msgs/qulido_robot_msgs/msg/detail/motion_primitive__struct.h
[3.734s] -- Symlinking: /home/rokey/quoridor_ws/install/qulido_robot_msgs/include/qulido_robot_msgs/qulido_robot_msgs/msg/detail/motion_primitive__type_support.h
[3.754s] -- Symlinking: /home/rokey/quoridor_ws/install/qulido_robot_msgs/include/qulido_robot_msgs/qulido_robot_msgs/msg/detail/motion_sequence__functions.h
[3.766s] -- Symlinking: /home/rokey/quoridor_ws/install/qulido_robot_msgs/include/qulido_robot_msgs/qulido_robot_msgs/msg/detail/motion_sequence__struct.h
[3.779s] -- Symlinking: /home/rokey/quoridor_ws/install/qulido_robot_msgs/include/qulido_robot_msgs/qulido_robot_msgs/msg/detail/motion_sequence__type_support.h
[3.796s] -- Symlinking: /home/rokey/quoridor_ws/install/qulido_robot_msgs/include/qulido_robot_msgs/qulido_robot_msgs/msg/motion_primitive.h
[3.815s] -- Symlinking: /home/rokey/quoridor_ws/install/qulido_robot_msgs/include/qulido_robot_msgs/qulido_robot_msgs/msg/motion_sequence.h
[3.840s] -- Symlinking: /home/rokey/quoridor_ws/install/qulido_robot_msgs/include/qulido_robot_msgs/qulido_robot_msgs/msg/rosidl_generator_c__visibility_control.h
[3.852s] -- Symlinking: /home/rokey/quoridor_ws/install/qulido_robot_msgs/share/qulido_robot_msgs/environment/library_path.sh
[3.871s] -- Symlinking: /home/rokey/quoridor_ws/install/qulido_robot_msgs/share/qulido_robot_msgs/environment/library_path.dsv
[3.879s] -- Symlinking: /home/rokey/quoridor_ws/install/qulido_robot_msgs/include/qulido_robot_msgs/qulido_robot_msgs/action/detail/execute_motion__rosidl_typesupport_fastrtps_c.h
[3.891s] -- Symlinking: /home/rokey/quoridor_ws/install/qulido_robot_msgs/include/qulido_robot_msgs/qulido_robot_msgs/msg/detail/motion_primitive__rosidl_typesupport_fastrtps_c.h
[3.902s] -- Symlinking: /home/rokey/quoridor_ws/install/qulido_robot_msgs/include/qulido_robot_msgs/qulido_robot_msgs/msg/detail/motion_sequence__rosidl_typesupport_fastrtps_c.h
[3.909s] -- Symlinking: /home/rokey/quoridor_ws/install/qulido_robot_msgs/include/qulido_robot_msgs/qulido_robot_msgs/msg/rosidl_typesupport_fastrtps_c__visibility_control.h
[3.918s] -- Symlinking: /home/rokey/quoridor_ws/install/qulido_robot_msgs/include/qulido_robot_msgs/qulido_robot_msgs/action/detail/execute_motion__rosidl_typesupport_introspection_c.h
[3.924s] -- Symlinking: /home/rokey/quoridor_ws/install/qulido_robot_msgs/include/qulido_robot_msgs/qulido_robot_msgs/msg/detail/motion_primitive__rosidl_typesupport_introspection_c.h
[3.934s] -- Symlinking: /home/rokey/quoridor_ws/install/qulido_robot_msgs/include/qulido_robot_msgs/qulido_robot_msgs/msg/detail/motion_sequence__rosidl_typesupport_introspection_c.h
[3.943s] -- Symlinking: /home/rokey/quoridor_ws/install/qulido_robot_msgs/include/qulido_robot_msgs/qulido_robot_msgs/msg/rosidl_typesupport_introspection_c__visibility_control.h
[3.955s] -- Symlinking: /home/rokey/quoridor_ws/install/qulido_robot_msgs/include/qulido_robot_msgs/qulido_robot_msgs/action/detail/execute_motion__builder.hpp
[3.969s] -- Symlinking: /home/rokey/quoridor_ws/install/qulido_robot_msgs/include/qulido_robot_msgs/qulido_robot_msgs/action/detail/execute_motion__struct.hpp
[3.982s] -- Symlinking: /home/rokey/quoridor_ws/install/qulido_robot_msgs/include/qulido_robot_msgs/qulido_robot_msgs/action/detail/execute_motion__traits.hpp
[3.996s] -- Symlinking: /home/rokey/quoridor_ws/install/qulido_robot_msgs/include/qulido_robot_msgs/qulido_robot_msgs/action/detail/execute_motion__type_support.hpp
[4.007s] -- Symlinking: /home/rokey/quoridor_ws/install/qulido_robot_msgs/include/qulido_robot_msgs/qulido_robot_msgs/action/execute_motion.hpp
[4.021s] -- Symlinking: /home/rokey/quoridor_ws/install/qulido_robot_msgs/include/qulido_robot_msgs/qulido_robot_msgs/msg/detail/motion_primitive__builder.hpp
[4.039s] -- Symlinking: /home/rokey/quoridor_ws/install/qulido_robot_msgs/include/qulido_robot_msgs/qulido_robot_msgs/msg/detail/motion_primitive__struct.hpp
[4.050s] -- Symlinking: /home/rokey/quoridor_ws/install/qulido_robot_msgs/include/qulido_robot_msgs/qulido_robot_msgs/msg/detail/motion_primitive__traits.hpp
[4.061s] -- Symlinking: /home/rokey/quoridor_ws/install/qulido_robot_msgs/include/qulido_robot_msgs/qulido_robot_msgs/msg/detail/motion_primitive__type_support.hpp
[4.073s] -- Symlinking: /home/rokey/quoridor_ws/install/qulido_robot_msgs/include/qulido_robot_msgs/qulido_robot_msgs/msg/detail/motion_sequence__builder.hpp
[4.100s] -- Symlinking: /home/rokey/quoridor_ws/install/qulido_robot_msgs/include/qulido_robot_msgs/qulido_robot_msgs/msg/detail/motion_sequence__struct.hpp
[4.124s] -- Symlinking: /home/rokey/quoridor_ws/install/qulido_robot_msgs/include/qulido_robot_msgs/qulido_robot_msgs/msg/detail/motion_sequence__traits.hpp
[4.144s] -- Symlinking: /home/rokey/quoridor_ws/install/qulido_robot_msgs/include/qulido_robot_msgs/qulido_robot_msgs/msg/detail/motion_sequence__type_support.hpp
[4.162s] -- Symlinking: /home/rokey/quoridor_ws/install/qulido_robot_msgs/include/qulido_robot_msgs/qulido_robot_msgs/msg/motion_primitive.hpp
[4.169s] -- Symlinking: /home/rokey/quoridor_ws/install/qulido_robot_msgs/include/qulido_robot_msgs/qulido_robot_msgs/msg/motion_sequence.hpp
[4.178s] -- Symlinking: /home/rokey/quoridor_ws/install/qulido_robot_msgs/include/qulido_robot_msgs/qulido_robot_msgs/msg/rosidl_generator_cpp__visibility_control.hpp
[4.188s] -- Symlinking: /home/rokey/quoridor_ws/install/qulido_robot_msgs/include/qulido_robot_msgs/qulido_robot_msgs/action/detail/execute_motion__rosidl_typesupport_fastrtps_cpp.hpp
[4.196s] -- Symlinking: /home/rokey/quoridor_ws/install/qulido_robot_msgs/include/qulido_robot_msgs/qulido_robot_msgs/msg/detail/motion_primitive__rosidl_typesupport_fastrtps_cpp.hpp
[4.211s] -- Symlinking: /home/rokey/quoridor_ws/install/qulido_robot_msgs/include/qulido_robot_msgs/qulido_robot_msgs/msg/detail/motion_sequence__rosidl_typesupport_fastrtps_cpp.hpp
[4.233s] -- Symlinking: /home/rokey/quoridor_ws/install/qulido_robot_msgs/include/qulido_robot_msgs/qulido_robot_msgs/msg/rosidl_typesupport_fastrtps_cpp__visibility_control.h
[4.249s] -- Symlinking: /home/rokey/quoridor_ws/install/qulido_robot_msgs/include/qulido_robot_msgs/qulido_robot_msgs/action/detail/execute_motion__rosidl_typesupport_introspection_cpp.hpp
[4.264s] -- Symlinking: /home/rokey/quoridor_ws/install/qulido_robot_msgs/include/qulido_robot_msgs/qulido_robot_msgs/msg/detail/motion_primitive__rosidl_typesupport_introspection_cpp.hpp
[4.286s] -- Symlinking: /home/rokey/quoridor_ws/install/qulido_robot_msgs/include/qulido_robot_msgs/qulido_robot_msgs/msg/detail/motion_sequence__rosidl_typesupport_introspection_cpp.hpp
[4.300s] -- Symlinking: /home/rokey/quoridor_ws/install/qulido_robot_msgs/share/qulido_robot_msgs/environment/pythonpath.sh
[4.318s] -- Symlinking: /home/rokey/quoridor_ws/install/qulido_robot_msgs/share/qulido_robot_msgs/environment/pythonpath.dsv
[4.325s] -- Symlinking: /home/rokey/quoridor_ws/install/qulido_robot_msgs/local/lib/python3.10/dist-packages/qulido_robot_msgs-0.0.0-py3.10.egg-info/PKG-INFO
[4.331s] -- Symlinking: /home/rokey/quoridor_ws/install/qulido_robot_msgs/local/lib/python3.10/dist-packages/qulido_robot_msgs-0.0.0-py3.10.egg-info/SOURCES.txt
[4.344s] -- Symlinking: /home/rokey/quoridor_ws/install/qulido_robot_msgs/local/lib/python3.10/dist-packages/qulido_robot_msgs-0.0.0-py3.10.egg-info/dependency_links.txt
[4.353s] -- Symlinking: /home/rokey/quoridor_ws/install/qulido_robot_msgs/local/lib/python3.10/dist-packages/qulido_robot_msgs-0.0.0-py3.10.egg-info/top_level.txt
[4.358s] -- Symlinking: /home/rokey/quoridor_ws/install/qulido_robot_msgs/local/lib/python3.10/dist-packages/qulido_robot_msgs/__init__.py
[4.364s] -- Symlinking: /home/rokey/quoridor_ws/install/qulido_robot_msgs/local/lib/python3.10/dist-packages/qulido_robot_msgs/_qulido_robot_msgs_s.ep.rosidl_typesupport_c.c
[4.369s] -- Symlinking: /home/rokey/quoridor_ws/install/qulido_robot_msgs/local/lib/python3.10/dist-packages/qulido_robot_msgs/_qulido_robot_msgs_s.ep.rosidl_typesupport_fastrtps_c.c
[4.374s] -- Symlinking: /home/rokey/quoridor_ws/install/qulido_robot_msgs/local/lib/python3.10/dist-packages/qulido_robot_msgs/_qulido_robot_msgs_s.ep.rosidl_typesupport_introspection_c.c
[4.382s] -- Symlinking: /home/rokey/quoridor_ws/install/qulido_robot_msgs/local/lib/python3.10/dist-packages/qulido_robot_msgs/action/__init__.py
[4.388s] -- Symlinking: /home/rokey/quoridor_ws/install/qulido_robot_msgs/local/lib/python3.10/dist-packages/qulido_robot_msgs/action/_execute_motion.py
[4.396s] -- Symlinking: /home/rokey/quoridor_ws/install/qulido_robot_msgs/local/lib/python3.10/dist-packages/qulido_robot_msgs/action/_execute_motion_s.c
[4.403s] -- Symlinking: /home/rokey/quoridor_ws/install/qulido_robot_msgs/local/lib/python3.10/dist-packages/qulido_robot_msgs/libqulido_robot_msgs__rosidl_generator_py.so
[4.411s] -- Symlinking: /home/rokey/quoridor_ws/install/qulido_robot_msgs/local/lib/python3.10/dist-packages/qulido_robot_msgs/msg/__init__.py
[4.425s] -- Symlinking: /home/rokey/quoridor_ws/install/qulido_robot_msgs/local/lib/python3.10/dist-packages/qulido_robot_msgs/msg/_motion_primitive.py
[4.440s] -- Symlinking: /home/rokey/quoridor_ws/install/qulido_robot_msgs/local/lib/python3.10/dist-packages/qulido_robot_msgs/msg/_motion_primitive_s.c
[4.454s] -- Symlinking: /home/rokey/quoridor_ws/install/qulido_robot_msgs/local/lib/python3.10/dist-packages/qulido_robot_msgs/msg/_motion_sequence.py
[4.464s] -- Symlinking: /home/rokey/quoridor_ws/install/qulido_robot_msgs/local/lib/python3.10/dist-packages/qulido_robot_msgs/msg/_motion_sequence_s.c
[4.475s] -- Symlinking: /home/rokey/quoridor_ws/install/qulido_robot_msgs/local/lib/python3.10/dist-packages/qulido_robot_msgs/qulido_robot_msgs_s__rosidl_typesupport_c.cpython-310-x86_64-linux-gnu.so
[4.490s] -- Symlinking: /home/rokey/quoridor_ws/install/qulido_robot_msgs/local/lib/python3.10/dist-packages/qulido_robot_msgs/qulido_robot_msgs_s__rosidl_typesupport_fastrtps_c.cpython-310-x86_64-linux-gnu.so
[4.499s] -- Symlinking: /home/rokey/quoridor_ws/install/qulido_robot_msgs/local/lib/python3.10/dist-packages/qulido_robot_msgs/qulido_robot_msgs_s__rosidl_typesupport_introspection_c.cpython-310-x86_64-linux-gnu.so
[4.521s] -- Up-to-date symlink: /home/rokey/quoridor_ws/install/qulido_robot_msgs/local/lib/python3.10/dist-packages/qulido_robot_msgs/qulido_robot_msgs_s__rosidl_typesupport_fastrtps_c.cpython-310-x86_64-linux-gnu.so
[4.522s] -- Up-to-date symlink: /home/rokey/quoridor_ws/install/qulido_robot_msgs/local/lib/python3.10/dist-packages/qulido_robot_msgs/qulido_robot_msgs_s__rosidl_typesupport_introspection_c.cpython-310-x86_64-linux-gnu.so
[4.522s] -- Up-to-date symlink: /home/rokey/quoridor_ws/install/qulido_robot_msgs/local/lib/python3.10/dist-packages/qulido_robot_msgs/qulido_robot_msgs_s__rosidl_typesupport_c.cpython-310-x86_64-linux-gnu.so
[4.522s] -- Symlinking: /home/rokey/quoridor_ws/install/qulido_robot_msgs/share/qulido_robot_msgs/msg/MotionPrimitive.idl
[4.536s] -- Symlinking: /home/rokey/quoridor_ws/install/qulido_robot_msgs/share/qulido_robot_msgs/msg/MotionSequence.idl
[4.551s] -- Symlinking: /home/rokey/quoridor_ws/install/qulido_robot_msgs/share/qulido_robot_msgs/action/ExecuteMotion.idl
[4.565s] -- Symlinking: /home/rokey/quoridor_ws/install/qulido_robot_msgs/share/qulido_robot_msgs/msg/MotionPrimitive.msg
[4.576s] -- Symlinking: /home/rokey/quoridor_ws/install/qulido_robot_msgs/share/qulido_robot_msgs/msg/MotionSequence.msg
[4.590s] -- Symlinking: /home/rokey/quoridor_ws/install/qulido_robot_msgs/share/qulido_robot_msgs/action/ExecuteMotion.action
[4.612s] -- Symlinking: /home/rokey/quoridor_ws/install/qulido_robot_msgs/share/ament_index/resource_index/package_run_dependencies/qulido_robot_msgs
[4.623s] -- Symlinking: /home/rokey/quoridor_ws/install/qulido_robot_msgs/share/ament_index/resource_index/parent_prefix_path/qulido_robot_msgs
[4.636s] -- Symlinking: /home/rokey/quoridor_ws/install/qulido_robot_msgs/share/qulido_robot_msgs/environment/ament_prefix_path.sh
[4.649s] -- Symlinking: /home/rokey/quoridor_ws/install/qulido_robot_msgs/share/qulido_robot_msgs/environment/ament_prefix_path.dsv
[4.662s] -- Symlinking: /home/rokey/quoridor_ws/install/qulido_robot_msgs/share/qulido_robot_msgs/environment/path.sh
[4.675s] -- Symlinking: /home/rokey/quoridor_ws/install/qulido_robot_msgs/share/qulido_robot_msgs/environment/path.dsv
[4.689s] -- Symlinking: /home/rokey/quoridor_ws/install/qulido_robot_msgs/share/qulido_robot_msgs/local_setup.bash
[4.710s] -- Symlinking: /home/rokey/quoridor_ws/install/qulido_robot_msgs/share/qulido_robot_msgs/local_setup.sh
[4.719s] -- Symlinking: /home/rokey/quoridor_ws/install/qulido_robot_msgs/share/qulido_robot_msgs/local_setup.zsh
[4.731s] -- Symlinking: /home/rokey/quoridor_ws/install/qulido_robot_msgs/share/qulido_robot_msgs/local_setup.dsv
[4.740s] -- Symlinking: /home/rokey/quoridor_ws/install/qulido_robot_msgs/share/qulido_robot_msgs/package.dsv
[4.747s] -- Symlinking: /home/rokey/quoridor_ws/install/qulido_robot_msgs/share/ament_index/resource_index/packages/qulido_robot_msgs
[4.762s] -- Symlinking: /home/rokey/quoridor_ws/install/qulido_robot_msgs/share/qulido_robot_msgs/cmake/rosidl_cmake-extras.cmake
[4.785s] -- Symlinking: /home/rokey/quoridor_ws/install/qulido_robot_msgs/share/qulido_robot_msgs/cmake/ament_cmake_export_dependencies-extras.cmake
[4.808s] -- Symlinking: /home/rokey/quoridor_ws/install/qulido_robot_msgs/share/qulido_robot_msgs/cmake/ament_cmake_export_include_directories-extras.cmake
[4.828s] -- Symlinking: /home/rokey/quoridor_ws/install/qulido_robot_msgs/share/qulido_robot_msgs/cmake/ament_cmake_export_libraries-extras.cmake
[4.856s] -- Symlinking: /home/rokey/quoridor_ws/install/qulido_robot_msgs/share/qulido_robot_msgs/cmake/ament_cmake_export_targets-extras.cmake
[4.876s] -- Symlinking: /home/rokey/quoridor_ws/install/qulido_robot_msgs/share/qulido_robot_msgs/cmake/rosidl_cmake_export_typesupport_targets-extras.cmake
[4.899s] -- Symlinking: /home/rokey/quoridor_ws/install/qulido_robot_msgs/share/qulido_robot_msgs/cmake/rosidl_cmake_export_typesupport_libraries-extras.cmake
[4.916s] -- Symlinking: /home/rokey/quoridor_ws/install/qulido_robot_msgs/share/qulido_robot_msgs/cmake/qulido_robot_msgsConfig.cmake
[4.925s] -- Symlinking: /home/rokey/quoridor_ws/install/qulido_robot_msgs/share/qulido_robot_msgs/cmake/qulido_robot_msgsConfig-version.cmake
[4.932s] -- Symlinking: /home/rokey/quoridor_ws/install/qulido_robot_msgs/share/qulido_robot_msgs/package.xml
[4.944s] -- Installing: /home/rokey/quoridor_ws/install/qulido_robot_msgs/lib/libqulido_robot_msgs__rosidl_generator_c.so
[4.944s] -- Set runtime path of "/home/rokey/quoridor_ws/install/qulido_robot_msgs/lib/libqulido_robot_msgs__rosidl_generator_c.so" to ""
[4.944s] -- Installing: /home/rokey/quoridor_ws/install/qulido_robot_msgs/lib/libqulido_robot_msgs__rosidl_typesupport_fastrtps_c.so
[4.944s] -- Set runtime path of "/home/rokey/quoridor_ws/install/qulido_robot_msgs/lib/libqulido_robot_msgs__rosidl_typesupport_fastrtps_c.so" to ""
[4.944s] -- Installing: /home/rokey/quoridor_ws/install/qulido_robot_msgs/lib/libqulido_robot_msgs__rosidl_typesupport_introspection_c.so
[4.945s] -- Set runtime path of "/home/rokey/quoridor_ws/install/qulido_robot_msgs/lib/libqulido_robot_msgs__rosidl_typesupport_introspection_c.so" to ""
[4.945s] -- Installing: /home/rokey/quoridor_ws/install/qulido_robot_msgs/lib/libqulido_robot_msgs__rosidl_typesupport_c.so
[4.945s] -- Set runtime path of "/home/rokey/quoridor_ws/install/qulido_robot_msgs/lib/libqulido_robot_msgs__rosidl_typesupport_c.so" to ""
[4.945s] -- Installing: /home/rokey/quoridor_ws/install/qulido_robot_msgs/lib/libqulido_robot_msgs__rosidl_typesupport_fastrtps_cpp.so
[4.945s] -- Set runtime path of "/home/rokey/quoridor_ws/install/qulido_robot_msgs/lib/libqulido_robot_msgs__rosidl_typesupport_fastrtps_cpp.so" to ""
[4.945s] -- Installing: /home/rokey/quoridor_ws/install/qulido_robot_msgs/lib/libqulido_robot_msgs__rosidl_typesupport_introspection_cpp.so
[4.945s] -- Set runtime path of "/home/rokey/quoridor_ws/install/qulido_robot_msgs/lib/libqulido_robot_msgs__rosidl_typesupport_introspection_cpp.so" to ""
[4.945s] -- Installing: /home/rokey/quoridor_ws/install/qulido_robot_msgs/lib/libqulido_robot_msgs__rosidl_typesupport_cpp.so
[4.945s] -- Set runtime path of "/home/rokey/quoridor_ws/install/qulido_robot_msgs/lib/libqulido_robot_msgs__rosidl_typesupport_cpp.so" to ""
[4.983s] Listing '/home/rokey/quoridor_ws/install/qulido_robot_msgs/local/lib/python3.10/dist-packages/qulido_robot_msgs'...
[4.983s] Compiling '/home/rokey/quoridor_ws/install/qulido_robot_msgs/local/lib/python3.10/dist-packages/qulido_robot_msgs/__init__.py'...
[4.983s] Listing '/home/rokey/quoridor_ws/install/qulido_robot_msgs/local/lib/python3.10/dist-packages/qulido_robot_msgs/action'...
[4.983s] Compiling '/home/rokey/quoridor_ws/install/qulido_robot_msgs/local/lib/python3.10/dist-packages/qulido_robot_msgs/action/__init__.py'...
[4.983s] Compiling '/home/rokey/quoridor_ws/install/qulido_robot_msgs/local/lib/python3.10/dist-packages/qulido_robot_msgs/action/_execute_motion.py'...
[4.983s] Listing '/home/rokey/quoridor_ws/install/qulido_robot_msgs/local/lib/python3.10/dist-packages/qulido_robot_msgs/msg'...
[4.983s] Compiling '/home/rokey/quoridor_ws/install/qulido_robot_msgs/local/lib/python3.10/dist-packages/qulido_robot_msgs/msg/__init__.py'...
[4.983s] Compiling '/home/rokey/quoridor_ws/install/qulido_robot_msgs/local/lib/python3.10/dist-packages/qulido_robot_msgs/msg/_motion_primitive.py'...
[4.983s] Compiling '/home/rokey/quoridor_ws/install/qulido_robot_msgs/local/lib/python3.10/dist-packages/qulido_robot_msgs/msg/_motion_sequence.py'...
[4.986s] -- Installing: /home/rokey/quoridor_ws/install/qulido_robot_msgs/lib/libqulido_robot_msgs__rosidl_generator_py.so
[4.986s] -- Set runtime path of "/home/rokey/quoridor_ws/install/qulido_robot_msgs/lib/libqulido_robot_msgs__rosidl_generator_py.so" to ""
[4.986s] -- Installing: /home/rokey/quoridor_ws/install/qulido_robot_msgs/share/qulido_robot_msgs/cmake/export_qulido_robot_msgs__rosidl_generator_cExport.cmake
[4.986s] -- Installing: /home/rokey/quoridor_ws/install/qulido_robot_msgs/share/qulido_robot_msgs/cmake/export_qulido_robot_msgs__rosidl_generator_cExport-noconfig.cmake
[4.986s] -- Installing: /home/rokey/quoridor_ws/install/qulido_robot_msgs/share/qulido_robot_msgs/cmake/export_qulido_robot_msgs__rosidl_typesupport_fastrtps_cExport.cmake
[4.986s] -- Installing: /home/rokey/quoridor_ws/install/qulido_robot_msgs/share/qulido_robot_msgs/cmake/export_qulido_robot_msgs__rosidl_typesupport_fastrtps_cExport-noconfig.cmake
[4.987s] -- Installing: /home/rokey/quoridor_ws/install/qulido_robot_msgs/share/qulido_robot_msgs/cmake/qulido_robot_msgs__rosidl_typesupport_introspection_cExport.cmake
[4.987s] -- Installing: /home/rokey/quoridor_ws/install/qulido_robot_msgs/share/qulido_robot_msgs/cmake/qulido_robot_msgs__rosidl_typesupport_introspection_cExport-noconfig.cmake
[4.987s] -- Installing: /home/rokey/quoridor_ws/install/qulido_robot_msgs/share/qulido_robot_msgs/cmake/qulido_robot_msgs__rosidl_typesupport_cExport.cmake
[4.987s] -- Installing: /home/rokey/quoridor_ws/install/qulido_robot_msgs/share/qulido_robot_msgs/cmake/qulido_robot_msgs__rosidl_typesupport_cExport-noconfig.cmake
[4.987s] -- Installing: /home/rokey/quoridor_ws/install/qulido_robot_msgs/share/qulido_robot_msgs/cmake/export_qulido_robot_msgs__rosidl_generator_cppExport.cmake
[4.987s] -- Installing: /home/rokey/quoridor_ws/install/qulido_robot_msgs/share/qulido_robot_msgs/cmake/export_qulido_robot_msgs__rosidl_typesupport_fastrtps_cppExport.cmake
[4.987s] -- Installing: /home/rokey/quoridor_ws/install/qulido_robot_msgs/share/qulido_robot_msgs/cmake/export_qulido_robot_msgs__rosidl_typesupport_fastrtps_cppExport-noconfig.cmake
[4.987s] -- Installing: /home/rokey/quoridor_ws/install/qulido_robot_msgs/share/qulido_robot_msgs/cmake/qulido_robot_msgs__rosidl_typesupport_introspection_cppExport.cmake
[4.987s] -- Installing: /home/rokey/quoridor_ws/install/qulido_robot_msgs/share/qulido_robot_msgs/cmake/qulido_robot_msgs__rosidl_typesupport_introspection_cppExport-noconfig.cmake
[4.987s] -- Installing: /home/rokey/quoridor_ws/install/qulido_robot_msgs/share/qulido_robot_msgs/cmake/qulido_robot_msgs__rosidl_typesupport_cppExport.cmake
[4.987s] -- Installing: /home/rokey/quoridor_ws/install/qulido_robot_msgs/share/qulido_robot_msgs/cmake/qulido_robot_msgs__rosidl_typesupport_cppExport-noconfig.cmake
[4.987s] -- Installing: /home/rokey/quoridor_ws/install/qulido_robot_msgs/share/qulido_robot_msgs/cmake/export_qulido_robot_msgs__rosidl_generator_pyExport.cmake
[4.987s] -- Installing: /home/rokey/quoridor_ws/install/qulido_robot_msgs/share/qulido_robot_msgs/cmake/export_qulido_robot_msgs__rosidl_generator_pyExport-noconfig.cmake
[4.989s] Invoked command in '/home/rokey/quoridor_ws/build/qulido_robot_msgs' returned '0': CMAKE_PREFIX_PATH=/home/rokey/quoridor_ws/install/qulido_robot_msgs:/home/rokey/quoridor_ws/install/quoridor_main:/home/rokey/ros2_ws/install/rokey:/home/rokey/ros2_ws/install/pick_and_place_voice:/home/rokey/ros2_ws/install/pick_and_place_text:/home/rokey/ros2_ws/install/dsr_visualservoing:/home/rokey/ros2_ws/install/dsr_tests:/home/rokey/ros2_ws/install/dsr_bringup2:/home/rokey/ros2_ws/install/dsr_example:/opt/ros/humble:/home/rokey/ros2_ws/install/od_msg:/home/rokey/ros2_ws/install/dsr_realtime_control:/home/rokey/ros2_ws/install/dsr_controller2:/home/rokey/ros2_ws/install/dsr_msgs2:/home/rokey/ros2_ws/install/dsr_moveit_config_p3020:/home/rokey/ros2_ws/install/dsr_moveit_config_m1509:/home/rokey/ros2_ws/install/dsr_moveit_config_m1013:/home/rokey/ros2_ws/install/dsr_moveit_config_m0617:/home/rokey/ros2_ws/install/dsr_moveit_config_m0609:/home/rokey/ros2_ws/install/dsr_moveit_config_h2515:/home/rokey/ros2_ws/install/dsr_moveit_config_h2017:/home/rokey/ros2_ws/install/dsr_moveit_config_e0509:/home/rokey/ros2_ws/install/dsr_moveit_config_a0912:/home/rokey/ros2_ws/install/dsr_moveit_config_a0509:/home/rokey/ros2_ws/install/dsr_hardware2:/home/rokey/ros2_ws/install/dsr_gazebo2:/home/rokey/ros2_ws/install/dsr_description2:/home/rokey/ros2_ws/install/dsr_common2 /usr/bin/cmake --install /home/rokey/quoridor_ws/build/qulido_robot_msgs
