-- Found ament_cmake: 1.3.12 (/opt/ros/humble/share/ament_cmake/cmake)
-- Override CMake install command with custom implementation using symlinks instead of copying resources
-- Found rosidl_default_generators: 1.2.0 (/opt/ros/humble/share/rosidl_default_generators/cmake)
-- Using all available rosidl_typesupport_c: rosidl_typesupport_fastrtps_c;rosidl_typesupport_introspection_c
-- Found rosidl_adapter: 3.1.7 (/opt/ros/humble/share/rosidl_adapter/cmake)
-- Using all available rosidl_typesupport_cpp: rosidl_typesupport_fastrtps_cpp;rosidl_typesupport_introspection_cpp
-- Found ament_cmake_ros: 0.10.0 (/opt/ros/humble/share/ament_cmake_ros/cmake)
-- Using all available rosidl_typesupport_c: rosidl_typesupport_fastrtps_c;rosidl_typesupport_introspection_c
-- Using all available rosidl_typesupport_cpp: rosidl_typesupport_fastrtps_cpp;rosidl_typesupport_introspection_cpp
-- Found python_cmake_module: 0.10.0 (/opt/ros/humble/share/python_cmake_module/cmake)
-- Using PYTHON_EXECUTABLE: /usr/bin/python3
-- Using PYTHON_INCLUDE_DIRS: /usr/include/python3.10
-- Using PYTHON_LIBRARIES: /usr/lib/x86_64-linux-gnu/libpython3.10.so
-- Found ament_lint_auto: 0.12.14 (/opt/ros/humble/share/ament_lint_auto/cmake)
-- Added test 'lint_cmake' to check CMake code style
-- Added test 'xmllint' to check XML markup files
-- Configuring done
-- Generating done
-- Build files have been written to: /home/rokey/quoridor_ws/build/qulido_robot_msgs
[  1%] [34m[1mGenerating C code for ROS interfaces[0m
[  2%] [34m[1mGenerating C++ code for ROS interfaces[0m
[  2%] Built target ament_cmake_python_symlink_qulido_robot_msgs
running egg_info
writing qulido_robot_msgs.egg-info/PKG-INFO
writing dependency_links to qulido_robot_msgs.egg-info/dependency_links.txt
writing top-level names to qulido_robot_msgs.egg-info/top_level.txt
reading manifest file 'qulido_robot_msgs.egg-info/SOURCES.txt'
writing manifest file 'qulido_robot_msgs.egg-info/SOURCES.txt'
[  2%] Built target ament_cmake_python_build_qulido_robot_msgs_egg
[35m[1mConsolidate compiler generated dependencies of target qulido_robot_msgs__rosidl_generator_c[0m
[  4%] [32mBuilding C object CMakeFiles/qulido_robot_msgs__rosidl_generator_c.dir/rosidl_generator_c/qulido_robot_msgs/msg/detail/motion_primitive__functions.c.o[0m
[  5%] [32mBuilding C object CMakeFiles/qulido_robot_msgs__rosidl_generator_c.dir/rosidl_generator_c/qulido_robot_msgs/msg/detail/motion_sequence__functions.c.o[0m
[  7%] [32mBuilding C object CMakeFiles/qulido_robot_msgs__rosidl_generator_c.dir/rosidl_generator_c/qulido_robot_msgs/msg/detail/int32_row__functions.c.o[0m
[  8%] [32mBuilding C object CMakeFiles/qulido_robot_msgs__rosidl_generator_c.dir/rosidl_generator_c/qulido_robot_msgs/srv/detail/ai_compute__functions.c.o[0m
[  9%] [32mBuilding C object CMakeFiles/qulido_robot_msgs__rosidl_generator_c.dir/rosidl_generator_c/qulido_robot_msgs/srv/detail/get_board_state__functions.c.o[0m
[ 11%] [32mBuilding C object CMakeFiles/qulido_robot_msgs__rosidl_generator_c.dir/rosidl_generator_c/qulido_robot_msgs/action/detail/execute_motion__functions.c.o[0m
[ 11%] Built target qulido_robot_msgs__cpp
[ 12%] [34m[1mGenerating C++ introspection for ROS interfaces[0m
[ 14%] [34m[1mGenerating C++ type support for eProsima Fast-RTPS[0m
[ 15%] [34m[1mGenerating C++ type support dispatch for ROS interfaces[0m
[ 16%] [32m[1mLinking C shared library libqulido_robot_msgs__rosidl_generator_c.so[0m
[ 16%] Built target qulido_robot_msgs__rosidl_generator_c
[ 19%] [34m[1mGenerating C type support for eProsima Fast-RTPS[0m
[ 19%] [34m[1mGenerating C introspection for ROS interfaces[0m
[ 21%] [34m[1mGenerating C type support dispatch for ROS interfaces[0m
[35m[1mConsolidate compiler generated dependencies of target qulido_robot_msgs__rosidl_typesupport_cpp[0m
[ 22%] [32mBuilding CXX object CMakeFiles/qulido_robot_msgs__rosidl_typesupport_cpp.dir/rosidl_typesupport_cpp/qulido_robot_msgs/action/execute_motion__type_support.cpp.o[0m
[ 25%] [32mBuilding CXX object CMakeFiles/qulido_robot_msgs__rosidl_typesupport_cpp.dir/rosidl_typesupport_cpp/qulido_robot_msgs/msg/int32_row__type_support.cpp.o[0m
[ 25%] [32mBuilding CXX object CMakeFiles/qulido_robot_msgs__rosidl_typesupport_cpp.dir/rosidl_typesupport_cpp/qulido_robot_msgs/srv/get_board_state__type_support.cpp.o[0m
[ 29%] [32mBuilding CXX object CMakeFiles/qulido_robot_msgs__rosidl_typesupport_cpp.dir/rosidl_typesupport_cpp/qulido_robot_msgs/msg/motion_primitive__type_support.cpp.o[0m
[ 29%] [32mBuilding CXX object CMakeFiles/qulido_robot_msgs__rosidl_typesupport_cpp.dir/rosidl_typesupport_cpp/qulido_robot_msgs/srv/ai_compute__type_support.cpp.o[0m
[ 29%] [32mBuilding CXX object CMakeFiles/qulido_robot_msgs__rosidl_typesupport_cpp.dir/rosidl_typesupport_cpp/qulido_robot_msgs/msg/motion_sequence__type_support.cpp.o[0m
[35m[1mConsolidate compiler generated dependencies of target qulido_robot_msgs__rosidl_typesupport_introspection_cpp[0m
[ 32%] [32mBuilding CXX object CMakeFiles/qulido_robot_msgs__rosidl_typesupport_introspection_cpp.dir/rosidl_typesupport_introspection_cpp/qulido_robot_msgs/msg/detail/int32_row__type_support.cpp.o[0m
[ 33%] [32mBuilding CXX object CMakeFiles/qulido_robot_msgs__rosidl_typesupport_introspection_cpp.dir/rosidl_typesupport_introspection_cpp/qulido_robot_msgs/srv/detail/get_board_state__type_support.cpp.o[0m
[ 35%] [32mBuilding CXX object CMakeFiles/qulido_robot_msgs__rosidl_typesupport_introspection_cpp.dir/rosidl_typesupport_introspection_cpp/qulido_robot_msgs/msg/detail/motion_primitive__type_support.cpp.o[0m
[ 32%] [32mBuilding CXX object CMakeFiles/qulido_robot_msgs__rosidl_typesupport_introspection_cpp.dir/rosidl_typesupport_introspection_cpp/qulido_robot_msgs/msg/detail/motion_sequence__type_support.cpp.o[0m
[ 36%] [32mBuilding CXX object CMakeFiles/qulido_robot_msgs__rosidl_typesupport_introspection_cpp.dir/rosidl_typesupport_introspection_cpp/qulido_robot_msgs/srv/detail/ai_compute__type_support.cpp.o[0m
[ 38%] [32mBuilding CXX object CMakeFiles/qulido_robot_msgs__rosidl_typesupport_introspection_cpp.dir/rosidl_typesupport_introspection_cpp/qulido_robot_msgs/action/detail/execute_motion__type_support.cpp.o[0m
[35m[1mConsolidate compiler generated dependencies of target qulido_robot_msgs__rosidl_typesupport_fastrtps_cpp[0m
[ 40%] [32mBuilding CXX object CMakeFiles/qulido_robot_msgs__rosidl_typesupport_fastrtps_cpp.dir/rosidl_typesupport_fastrtps_cpp/qulido_robot_msgs/msg/detail/dds_fastrtps/motion_primitive__type_support.cpp.o[0m
[ 40%] [32mBuilding CXX object CMakeFiles/qulido_robot_msgs__rosidl_typesupport_fastrtps_cpp.dir/rosidl_typesupport_fastrtps_cpp/qulido_robot_msgs/msg/detail/dds_fastrtps/motion_sequence__type_support.cpp.o[0m
[ 42%] [32mBuilding CXX object CMakeFiles/qulido_robot_msgs__rosidl_typesupport_fastrtps_cpp.dir/rosidl_typesupport_fastrtps_cpp/qulido_robot_msgs/msg/detail/dds_fastrtps/int32_row__type_support.cpp.o[0m
[ 43%] [32mBuilding CXX object CMakeFiles/qulido_robot_msgs__rosidl_typesupport_fastrtps_cpp.dir/rosidl_typesupport_fastrtps_cpp/qulido_robot_msgs/srv/detail/dds_fastrtps/ai_compute__type_support.cpp.o[0m
[ 45%] [32mBuilding CXX object CMakeFiles/qulido_robot_msgs__rosidl_typesupport_fastrtps_cpp.dir/rosidl_typesupport_fastrtps_cpp/qulido_robot_msgs/srv/detail/dds_fastrtps/get_board_state__type_support.cpp.o[0m
[ 46%] [32mBuilding CXX object CMakeFiles/qulido_robot_msgs__rosidl_typesupport_fastrtps_cpp.dir/rosidl_typesupport_fastrtps_cpp/qulido_robot_msgs/action/detail/dds_fastrtps/execute_motion__type_support.cpp.o[0m
[35m[1mConsolidate compiler generated dependencies of target qulido_robot_msgs__rosidl_typesupport_c[0m
[ 47%] [32mBuilding CXX object CMakeFiles/qulido_robot_msgs__rosidl_typesupport_c.dir/rosidl_typesupport_c/qulido_robot_msgs/msg/motion_primitive__type_support.cpp.o[0m
[ 49%] [32m[1mLinking CXX shared library libqulido_robot_msgs__rosidl_typesupport_cpp.so[0m
[ 50%] [32mBuilding CXX object CMakeFiles/qulido_robot_msgs__rosidl_typesupport_c.dir/rosidl_typesupport_c/qulido_robot_msgs/msg/motion_sequence__type_support.cpp.o[0m
[ 52%] [32mBuilding CXX object CMakeFiles/qulido_robot_msgs__rosidl_typesupport_c.dir/rosidl_typesupport_c/qulido_robot_msgs/msg/int32_row__type_support.cpp.o[0m
[ 52%] Built target qulido_robot_msgs__rosidl_typesupport_cpp
[ 53%] [32mBuilding CXX object CMakeFiles/qulido_robot_msgs__rosidl_typesupport_c.dir/rosidl_typesupport_c/qulido_robot_msgs/srv/get_board_state__type_support.cpp.o[0m
[ 54%] [32mBuilding CXX object CMakeFiles/qulido_robot_msgs__rosidl_typesupport_c.dir/rosidl_typesupport_c/qulido_robot_msgs/srv/ai_compute__type_support.cpp.o[0m
[35m[1mConsolidate compiler generated dependencies of target qulido_robot_msgs__rosidl_typesupport_introspection_c[0m
[ 56%] [32mBuilding CXX object CMakeFiles/qulido_robot_msgs__rosidl_typesupport_c.dir/rosidl_typesupport_c/qulido_robot_msgs/action/execute_motion__type_support.cpp.o[0m
[ 57%] [32mBuilding C object CMakeFiles/qulido_robot_msgs__rosidl_typesupport_introspection_c.dir/rosidl_typesupport_introspection_c/qulido_robot_msgs/msg/detail/motion_primitive__type_support.c.o[0m
[ 59%] [32mBuilding C object CMakeFiles/qulido_robot_msgs__rosidl_typesupport_introspection_c.dir/rosidl_typesupport_introspection_c/qulido_robot_msgs/msg/detail/int32_row__type_support.c.o[0m
[ 60%] [32mBuilding C object CMakeFiles/qulido_robot_msgs__rosidl_typesupport_introspection_c.dir/rosidl_typesupport_introspection_c/qulido_robot_msgs/msg/detail/motion_sequence__type_support.c.o[0m
[ 61%] [32mBuilding C object CMakeFiles/qulido_robot_msgs__rosidl_typesupport_introspection_c.dir/rosidl_typesupport_introspection_c/qulido_robot_msgs/srv/detail/get_board_state__type_support.c.o[0m
[ 63%] [32mBuilding C object CMakeFiles/qulido_robot_msgs__rosidl_typesupport_introspection_c.dir/rosidl_typesupport_introspection_c/qulido_robot_msgs/srv/detail/ai_compute__type_support.c.o[0m
[35m[1mConsolidate compiler generated dependencies of target qulido_robot_msgs__rosidl_typesupport_fastrtps_c[0m
[ 64%] [32mBuilding C object CMakeFiles/qulido_robot_msgs__rosidl_typesupport_introspection_c.dir/rosidl_typesupport_introspection_c/qulido_robot_msgs/action/detail/execute_motion__type_support.c.o[0m
[ 66%] [32m[1mLinking CXX shared library libqulido_robot_msgs__rosidl_typesupport_c.so[0m
[ 67%] [32mBuilding CXX object CMakeFiles/qulido_robot_msgs__rosidl_typesupport_fastrtps_c.dir/rosidl_typesupport_fastrtps_c/qulido_robot_msgs/msg/detail/motion_sequence__type_support_c.cpp.o[0m
[ 69%] [32mBuilding CXX object CMakeFiles/qulido_robot_msgs__rosidl_typesupport_fastrtps_c.dir/rosidl_typesupport_fastrtps_c/qulido_robot_msgs/msg/detail/motion_primitive__type_support_c.cpp.o[0m
[ 70%] [32mBuilding CXX object CMakeFiles/qulido_robot_msgs__rosidl_typesupport_fastrtps_c.dir/rosidl_typesupport_fastrtps_c/qulido_robot_msgs/msg/detail/int32_row__type_support_c.cpp.o[0m
[ 71%] [32mBuilding CXX object CMakeFiles/qulido_robot_msgs__rosidl_typesupport_fastrtps_c.dir/rosidl_typesupport_fastrtps_c/qulido_robot_msgs/srv/detail/get_board_state__type_support_c.cpp.o[0m
[ 73%] [32mBuilding CXX object CMakeFiles/qulido_robot_msgs__rosidl_typesupport_fastrtps_c.dir/rosidl_typesupport_fastrtps_c/qulido_robot_msgs/srv/detail/ai_compute__type_support_c.cpp.o[0m
[ 73%] Built target qulido_robot_msgs__rosidl_typesupport_c
[ 74%] [32mBuilding CXX object CMakeFiles/qulido_robot_msgs__rosidl_typesupport_fastrtps_c.dir/rosidl_typesupport_fastrtps_c/qulido_robot_msgs/action/detail/execute_motion__type_support_c.cpp.o[0m
[ 76%] [32m[1mLinking C shared library libqulido_robot_msgs__rosidl_typesupport_introspection_c.so[0m
[ 76%] Built target qulido_robot_msgs__rosidl_typesupport_introspection_c
[ 77%] [32m[1mLinking CXX shared library libqulido_robot_msgs__rosidl_typesupport_introspection_cpp.so[0m
[ 78%] [32m[1mLinking CXX shared library libqulido_robot_msgs__rosidl_typesupport_fastrtps_cpp.so[0m
[ 78%] Built target qulido_robot_msgs__rosidl_typesupport_introspection_cpp
[ 78%] Built target qulido_robot_msgs__rosidl_typesupport_fastrtps_cpp
[ 80%] [32m[1mLinking CXX shared library libqulido_robot_msgs__rosidl_typesupport_fastrtps_c.so[0m
[ 80%] Built target qulido_robot_msgs__rosidl_typesupport_fastrtps_c
[ 80%] Built target qulido_robot_msgs
[ 81%] [34m[1mGenerating Python code for ROS interfaces[0m
[ 81%] Built target qulido_robot_msgs__py
[35m[1mConsolidate compiler generated dependencies of target qulido_robot_msgs__rosidl_generator_py[0m
[ 84%] [32mBuilding C object CMakeFiles/qulido_robot_msgs__rosidl_generator_py.dir/rosidl_generator_py/qulido_robot_msgs/srv/_get_board_state_s.c.o[0m
[ 84%] [32mBuilding C object CMakeFiles/qulido_robot_msgs__rosidl_generator_py.dir/rosidl_generator_py/qulido_robot_msgs/msg/_motion_sequence_s.c.o[0m
[ 85%] [32mBuilding C object CMakeFiles/qulido_robot_msgs__rosidl_generator_py.dir/rosidl_generator_py/qulido_robot_msgs/msg/_int32_row_s.c.o[0m
[ 87%] [32mBuilding C object CMakeFiles/qulido_robot_msgs__rosidl_generator_py.dir/rosidl_generator_py/qulido_robot_msgs/action/_execute_motion_s.c.o[0m
[ 88%] [32mBuilding C object CMakeFiles/qulido_robot_msgs__rosidl_generator_py.dir/rosidl_generator_py/qulido_robot_msgs/msg/_motion_primitive_s.c.o[0m
[ 90%] [32mBuilding C object CMakeFiles/qulido_robot_msgs__rosidl_generator_py.dir/rosidl_generator_py/qulido_robot_msgs/srv/_ai_compute_s.c.o[0m
[ 91%] [32m[1mLinking C shared library rosidl_generator_py/qulido_robot_msgs/libqulido_robot_msgs__rosidl_generator_py.so[0m
[ 91%] Built target qulido_robot_msgs__rosidl_generator_py
[35m[1mConsolidate compiler generated dependencies of target qulido_robot_msgs__rosidl_typesupport_c__pyext[0m
[35m[1mConsolidate compiler generated dependencies of target qulido_robot_msgs__rosidl_typesupport_fastrtps_c__pyext[0m
[35m[1mConsolidate compiler generated dependencies of target qulido_robot_msgs__rosidl_typesupport_introspection_c__pyext[0m
[ 92%] [32mBuilding C object CMakeFiles/qulido_robot_msgs__rosidl_typesupport_c__pyext.dir/rosidl_generator_py/qulido_robot_msgs/_qulido_robot_msgs_s.ep.rosidl_typesupport_c.c.o[0m
[ 94%] [32mBuilding C object CMakeFiles/qulido_robot_msgs__rosidl_typesupport_fastrtps_c__pyext.dir/rosidl_generator_py/qulido_robot_msgs/_qulido_robot_msgs_s.ep.rosidl_typesupport_fastrtps_c.c.o[0m
[ 95%] [32mBuilding C object CMakeFiles/qulido_robot_msgs__rosidl_typesupport_introspection_c__pyext.dir/rosidl_generator_py/qulido_robot_msgs/_qulido_robot_msgs_s.ep.rosidl_typesupport_introspection_c.c.o[0m
[ 97%] [32m[1mLinking C shared library rosidl_generator_py/qulido_robot_msgs/qulido_robot_msgs_s__rosidl_typesupport_c.cpython-310-x86_64-linux-gnu.so[0m
[ 98%] [32m[1mLinking C shared library rosidl_generator_py/qulido_robot_msgs/qulido_robot_msgs_s__rosidl_typesupport_fastrtps_c.cpython-310-x86_64-linux-gnu.so[0m
[100%] [32m[1mLinking C shared library rosidl_generator_py/qulido_robot_msgs/qulido_robot_msgs_s__rosidl_typesupport_introspection_c.cpython-310-x86_64-linux-gnu.so[0m
[100%] Built target qulido_robot_msgs__rosidl_typesupport_c__pyext
[100%] Built target qulido_robot_msgs__rosidl_typesupport_fastrtps_c__pyext
[100%] Built target qulido_robot_msgs__rosidl_typesupport_introspection_c__pyext
-- Install configuration: ""
-- Execute custom install script
-- Up-to-date symlink: /home/rokey/quoridor_ws/install/qulido_robot_msgs/share/ament_index/resource_index/rosidl_interfaces/qulido_robot_msgs
-- Up-to-date symlink: /home/rokey/quoridor_ws/install/qulido_robot_msgs/include/qulido_robot_msgs/qulido_robot_msgs/action/detail/execute_motion__functions.h
-- Up-to-date symlink: /home/rokey/quoridor_ws/install/qulido_robot_msgs/include/qulido_robot_msgs/qulido_robot_msgs/action/detail/execute_motion__struct.h
-- Up-to-date symlink: /home/rokey/quoridor_ws/install/qulido_robot_msgs/include/qulido_robot_msgs/qulido_robot_msgs/action/detail/execute_motion__type_support.h
-- Up-to-date symlink: /home/rokey/quoridor_ws/install/qulido_robot_msgs/include/qulido_robot_msgs/qulido_robot_msgs/action/execute_motion.h
-- Symlinking: /home/rokey/quoridor_ws/install/qulido_robot_msgs/include/qulido_robot_msgs/qulido_robot_msgs/msg/detail/int32_row__functions.h
-- Symlinking: /home/rokey/quoridor_ws/install/qulido_robot_msgs/include/qulido_robot_msgs/qulido_robot_msgs/msg/detail/int32_row__struct.h
-- Symlinking: /home/rokey/quoridor_ws/install/qulido_robot_msgs/include/qulido_robot_msgs/qulido_robot_msgs/msg/detail/int32_row__type_support.h
-- Up-to-date symlink: /home/rokey/quoridor_ws/install/qulido_robot_msgs/include/qulido_robot_msgs/qulido_robot_msgs/msg/detail/motion_primitive__functions.h
-- Up-to-date symlink: /home/rokey/quoridor_ws/install/qulido_robot_msgs/include/qulido_robot_msgs/qulido_robot_msgs/msg/detail/motion_primitive__struct.h
-- Up-to-date symlink: /home/rokey/quoridor_ws/install/qulido_robot_msgs/include/qulido_robot_msgs/qulido_robot_msgs/msg/detail/motion_primitive__type_support.h
-- Up-to-date symlink: /home/rokey/quoridor_ws/install/qulido_robot_msgs/include/qulido_robot_msgs/qulido_robot_msgs/msg/detail/motion_sequence__functions.h
-- Up-to-date symlink: /home/rokey/quoridor_ws/install/qulido_robot_msgs/include/qulido_robot_msgs/qulido_robot_msgs/msg/detail/motion_sequence__struct.h
-- Up-to-date symlink: /home/rokey/quoridor_ws/install/qulido_robot_msgs/include/qulido_robot_msgs/qulido_robot_msgs/msg/detail/motion_sequence__type_support.h
-- Symlinking: /home/rokey/quoridor_ws/install/qulido_robot_msgs/include/qulido_robot_msgs/qulido_robot_msgs/msg/int32_row.h
-- Up-to-date symlink: /home/rokey/quoridor_ws/install/qulido_robot_msgs/include/qulido_robot_msgs/qulido_robot_msgs/msg/motion_primitive.h
-- Up-to-date symlink: /home/rokey/quoridor_ws/install/qulido_robot_msgs/include/qulido_robot_msgs/qulido_robot_msgs/msg/motion_sequence.h
-- Up-to-date symlink: /home/rokey/quoridor_ws/install/qulido_robot_msgs/include/qulido_robot_msgs/qulido_robot_msgs/msg/rosidl_generator_c__visibility_control.h
-- Symlinking: /home/rokey/quoridor_ws/install/qulido_robot_msgs/include/qulido_robot_msgs/qulido_robot_msgs/srv/ai_compute.h
-- Symlinking: /home/rokey/quoridor_ws/install/qulido_robot_msgs/include/qulido_robot_msgs/qulido_robot_msgs/srv/detail/ai_compute__functions.h
-- Symlinking: /home/rokey/quoridor_ws/install/qulido_robot_msgs/include/qulido_robot_msgs/qulido_robot_msgs/srv/detail/ai_compute__struct.h
-- Symlinking: /home/rokey/quoridor_ws/install/qulido_robot_msgs/include/qulido_robot_msgs/qulido_robot_msgs/srv/detail/ai_compute__type_support.h
-- Symlinking: /home/rokey/quoridor_ws/install/qulido_robot_msgs/include/qulido_robot_msgs/qulido_robot_msgs/srv/detail/get_board_state__functions.h
-- Symlinking: /home/rokey/quoridor_ws/install/qulido_robot_msgs/include/qulido_robot_msgs/qulido_robot_msgs/srv/detail/get_board_state__struct.h
-- Symlinking: /home/rokey/quoridor_ws/install/qulido_robot_msgs/include/qulido_robot_msgs/qulido_robot_msgs/srv/detail/get_board_state__type_support.h
-- Symlinking: /home/rokey/quoridor_ws/install/qulido_robot_msgs/include/qulido_robot_msgs/qulido_robot_msgs/srv/get_board_state.h
-- Up-to-date symlink: /home/rokey/quoridor_ws/install/qulido_robot_msgs/share/qulido_robot_msgs/environment/library_path.sh
-- Up-to-date symlink: /home/rokey/quoridor_ws/install/qulido_robot_msgs/share/qulido_robot_msgs/environment/library_path.dsv
-- Up-to-date symlink: /home/rokey/quoridor_ws/install/qulido_robot_msgs/include/qulido_robot_msgs/qulido_robot_msgs/action/detail/execute_motion__rosidl_typesupport_fastrtps_c.h
-- Symlinking: /home/rokey/quoridor_ws/install/qulido_robot_msgs/include/qulido_robot_msgs/qulido_robot_msgs/msg/detail/int32_row__rosidl_typesupport_fastrtps_c.h
-- Up-to-date symlink: /home/rokey/quoridor_ws/install/qulido_robot_msgs/include/qulido_robot_msgs/qulido_robot_msgs/msg/detail/motion_primitive__rosidl_typesupport_fastrtps_c.h
-- Up-to-date symlink: /home/rokey/quoridor_ws/install/qulido_robot_msgs/include/qulido_robot_msgs/qulido_robot_msgs/msg/detail/motion_sequence__rosidl_typesupport_fastrtps_c.h
-- Up-to-date symlink: /home/rokey/quoridor_ws/install/qulido_robot_msgs/include/qulido_robot_msgs/qulido_robot_msgs/msg/rosidl_typesupport_fastrtps_c__visibility_control.h
-- Symlinking: /home/rokey/quoridor_ws/install/qulido_robot_msgs/include/qulido_robot_msgs/qulido_robot_msgs/srv/detail/ai_compute__rosidl_typesupport_fastrtps_c.h
-- Symlinking: /home/rokey/quoridor_ws/install/qulido_robot_msgs/include/qulido_robot_msgs/qulido_robot_msgs/srv/detail/get_board_state__rosidl_typesupport_fastrtps_c.h
-- Up-to-date symlink: /home/rokey/quoridor_ws/install/qulido_robot_msgs/include/qulido_robot_msgs/qulido_robot_msgs/action/detail/execute_motion__rosidl_typesupport_introspection_c.h
-- Symlinking: /home/rokey/quoridor_ws/install/qulido_robot_msgs/include/qulido_robot_msgs/qulido_robot_msgs/msg/detail/int32_row__rosidl_typesupport_introspection_c.h
-- Up-to-date symlink: /home/rokey/quoridor_ws/install/qulido_robot_msgs/include/qulido_robot_msgs/qulido_robot_msgs/msg/detail/motion_primitive__rosidl_typesupport_introspection_c.h
-- Up-to-date symlink: /home/rokey/quoridor_ws/install/qulido_robot_msgs/include/qulido_robot_msgs/qulido_robot_msgs/msg/detail/motion_sequence__rosidl_typesupport_introspection_c.h
-- Up-to-date symlink: /home/rokey/quoridor_ws/install/qulido_robot_msgs/include/qulido_robot_msgs/qulido_robot_msgs/msg/rosidl_typesupport_introspection_c__visibility_control.h
-- Symlinking: /home/rokey/quoridor_ws/install/qulido_robot_msgs/include/qulido_robot_msgs/qulido_robot_msgs/srv/detail/ai_compute__rosidl_typesupport_introspection_c.h
-- Symlinking: /home/rokey/quoridor_ws/install/qulido_robot_msgs/include/qulido_robot_msgs/qulido_robot_msgs/srv/detail/get_board_state__rosidl_typesupport_introspection_c.h
-- Up-to-date symlink: /home/rokey/quoridor_ws/install/qulido_robot_msgs/include/qulido_robot_msgs/qulido_robot_msgs/action/detail/execute_motion__builder.hpp
-- Up-to-date symlink: /home/rokey/quoridor_ws/install/qulido_robot_msgs/include/qulido_robot_msgs/qulido_robot_msgs/action/detail/execute_motion__struct.hpp
-- Up-to-date symlink: /home/rokey/quoridor_ws/install/qulido_robot_msgs/include/qulido_robot_msgs/qulido_robot_msgs/action/detail/execute_motion__traits.hpp
-- Up-to-date symlink: /home/rokey/quoridor_ws/install/qulido_robot_msgs/include/qulido_robot_msgs/qulido_robot_msgs/action/detail/execute_motion__type_support.hpp
-- Up-to-date symlink: /home/rokey/quoridor_ws/install/qulido_robot_msgs/include/qulido_robot_msgs/qulido_robot_msgs/action/execute_motion.hpp
-- Symlinking: /home/rokey/quoridor_ws/install/qulido_robot_msgs/include/qulido_robot_msgs/qulido_robot_msgs/msg/detail/int32_row__builder.hpp
-- Symlinking: /home/rokey/quoridor_ws/install/qulido_robot_msgs/include/qulido_robot_msgs/qulido_robot_msgs/msg/detail/int32_row__struct.hpp
-- Symlinking: /home/rokey/quoridor_ws/install/qulido_robot_msgs/include/qulido_robot_msgs/qulido_robot_msgs/msg/detail/int32_row__traits.hpp
-- Symlinking: /home/rokey/quoridor_ws/install/qulido_robot_msgs/include/qulido_robot_msgs/qulido_robot_msgs/msg/detail/int32_row__type_support.hpp
-- Up-to-date symlink: /home/rokey/quoridor_ws/install/qulido_robot_msgs/include/qulido_robot_msgs/qulido_robot_msgs/msg/detail/motion_primitive__builder.hpp
-- Up-to-date symlink: /home/rokey/quoridor_ws/install/qulido_robot_msgs/include/qulido_robot_msgs/qulido_robot_msgs/msg/detail/motion_primitive__struct.hpp
-- Up-to-date symlink: /home/rokey/quoridor_ws/install/qulido_robot_msgs/include/qulido_robot_msgs/qulido_robot_msgs/msg/detail/motion_primitive__traits.hpp
-- Up-to-date symlink: /home/rokey/quoridor_ws/install/qulido_robot_msgs/include/qulido_robot_msgs/qulido_robot_msgs/msg/detail/motion_primitive__type_support.hpp
-- Up-to-date symlink: /home/rokey/quoridor_ws/install/qulido_robot_msgs/include/qulido_robot_msgs/qulido_robot_msgs/msg/detail/motion_sequence__builder.hpp
-- Up-to-date symlink: /home/rokey/quoridor_ws/install/qulido_robot_msgs/include/qulido_robot_msgs/qulido_robot_msgs/msg/detail/motion_sequence__struct.hpp
-- Up-to-date symlink: /home/rokey/quoridor_ws/install/qulido_robot_msgs/include/qulido_robot_msgs/qulido_robot_msgs/msg/detail/motion_sequence__traits.hpp
-- Up-to-date symlink: /home/rokey/quoridor_ws/install/qulido_robot_msgs/include/qulido_robot_msgs/qulido_robot_msgs/msg/detail/motion_sequence__type_support.hpp
-- Symlinking: /home/rokey/quoridor_ws/install/qulido_robot_msgs/include/qulido_robot_msgs/qulido_robot_msgs/msg/int32_row.hpp
-- Up-to-date symlink: /home/rokey/quoridor_ws/install/qulido_robot_msgs/include/qulido_robot_msgs/qulido_robot_msgs/msg/motion_primitive.hpp
-- Up-to-date symlink: /home/rokey/quoridor_ws/install/qulido_robot_msgs/include/qulido_robot_msgs/qulido_robot_msgs/msg/motion_sequence.hpp
-- Up-to-date symlink: /home/rokey/quoridor_ws/install/qulido_robot_msgs/include/qulido_robot_msgs/qulido_robot_msgs/msg/rosidl_generator_cpp__visibility_control.hpp
-- Symlinking: /home/rokey/quoridor_ws/install/qulido_robot_msgs/include/qulido_robot_msgs/qulido_robot_msgs/srv/ai_compute.hpp
-- Symlinking: /home/rokey/quoridor_ws/install/qulido_robot_msgs/include/qulido_robot_msgs/qulido_robot_msgs/srv/detail/ai_compute__builder.hpp
-- Symlinking: /home/rokey/quoridor_ws/install/qulido_robot_msgs/include/qulido_robot_msgs/qulido_robot_msgs/srv/detail/ai_compute__struct.hpp
-- Symlinking: /home/rokey/quoridor_ws/install/qulido_robot_msgs/include/qulido_robot_msgs/qulido_robot_msgs/srv/detail/ai_compute__traits.hpp
-- Symlinking: /home/rokey/quoridor_ws/install/qulido_robot_msgs/include/qulido_robot_msgs/qulido_robot_msgs/srv/detail/ai_compute__type_support.hpp
-- Symlinking: /home/rokey/quoridor_ws/install/qulido_robot_msgs/include/qulido_robot_msgs/qulido_robot_msgs/srv/detail/get_board_state__builder.hpp
-- Symlinking: /home/rokey/quoridor_ws/install/qulido_robot_msgs/include/qulido_robot_msgs/qulido_robot_msgs/srv/detail/get_board_state__struct.hpp
-- Symlinking: /home/rokey/quoridor_ws/install/qulido_robot_msgs/include/qulido_robot_msgs/qulido_robot_msgs/srv/detail/get_board_state__traits.hpp
-- Symlinking: /home/rokey/quoridor_ws/install/qulido_robot_msgs/include/qulido_robot_msgs/qulido_robot_msgs/srv/detail/get_board_state__type_support.hpp
-- Symlinking: /home/rokey/quoridor_ws/install/qulido_robot_msgs/include/qulido_robot_msgs/qulido_robot_msgs/srv/get_board_state.hpp
-- Up-to-date symlink: /home/rokey/quoridor_ws/install/qulido_robot_msgs/include/qulido_robot_msgs/qulido_robot_msgs/action/detail/execute_motion__rosidl_typesupport_fastrtps_cpp.hpp
-- Symlinking: /home/rokey/quoridor_ws/install/qulido_robot_msgs/include/qulido_robot_msgs/qulido_robot_msgs/msg/detail/int32_row__rosidl_typesupport_fastrtps_cpp.hpp
-- Up-to-date symlink: /home/rokey/quoridor_ws/install/qulido_robot_msgs/include/qulido_robot_msgs/qulido_robot_msgs/msg/detail/motion_primitive__rosidl_typesupport_fastrtps_cpp.hpp
-- Up-to-date symlink: /home/rokey/quoridor_ws/install/qulido_robot_msgs/include/qulido_robot_msgs/qulido_robot_msgs/msg/detail/motion_sequence__rosidl_typesupport_fastrtps_cpp.hpp
-- Up-to-date symlink: /home/rokey/quoridor_ws/install/qulido_robot_msgs/include/qulido_robot_msgs/qulido_robot_msgs/msg/rosidl_typesupport_fastrtps_cpp__visibility_control.h
-- Symlinking: /home/rokey/quoridor_ws/install/qulido_robot_msgs/include/qulido_robot_msgs/qulido_robot_msgs/srv/detail/ai_compute__rosidl_typesupport_fastrtps_cpp.hpp
-- Symlinking: /home/rokey/quoridor_ws/install/qulido_robot_msgs/include/qulido_robot_msgs/qulido_robot_msgs/srv/detail/get_board_state__rosidl_typesupport_fastrtps_cpp.hpp
-- Up-to-date symlink: /home/rokey/quoridor_ws/install/qulido_robot_msgs/include/qulido_robot_msgs/qulido_robot_msgs/action/detail/execute_motion__rosidl_typesupport_introspection_cpp.hpp
-- Symlinking: /home/rokey/quoridor_ws/install/qulido_robot_msgs/include/qulido_robot_msgs/qulido_robot_msgs/msg/detail/int32_row__rosidl_typesupport_introspection_cpp.hpp
-- Up-to-date symlink: /home/rokey/quoridor_ws/install/qulido_robot_msgs/include/qulido_robot_msgs/qulido_robot_msgs/msg/detail/motion_primitive__rosidl_typesupport_introspection_cpp.hpp
-- Up-to-date symlink: /home/rokey/quoridor_ws/install/qulido_robot_msgs/include/qulido_robot_msgs/qulido_robot_msgs/msg/detail/motion_sequence__rosidl_typesupport_introspection_cpp.hpp
-- Symlinking: /home/rokey/quoridor_ws/install/qulido_robot_msgs/include/qulido_robot_msgs/qulido_robot_msgs/srv/detail/ai_compute__rosidl_typesupport_introspection_cpp.hpp
-- Symlinking: /home/rokey/quoridor_ws/install/qulido_robot_msgs/include/qulido_robot_msgs/qulido_robot_msgs/srv/detail/get_board_state__rosidl_typesupport_introspection_cpp.hpp
-- Up-to-date symlink: /home/rokey/quoridor_ws/install/qulido_robot_msgs/share/qulido_robot_msgs/environment/pythonpath.sh
-- Up-to-date symlink: /home/rokey/quoridor_ws/install/qulido_robot_msgs/share/qulido_robot_msgs/environment/pythonpath.dsv
-- Up-to-date symlink: /home/rokey/quoridor_ws/install/qulido_robot_msgs/local/lib/python3.10/dist-packages/qulido_robot_msgs-0.0.0-py3.10.egg-info/PKG-INFO
-- Up-to-date symlink: /home/rokey/quoridor_ws/install/qulido_robot_msgs/local/lib/python3.10/dist-packages/qulido_robot_msgs-0.0.0-py3.10.egg-info/SOURCES.txt
-- Up-to-date symlink: /home/rokey/quoridor_ws/install/qulido_robot_msgs/local/lib/python3.10/dist-packages/qulido_robot_msgs-0.0.0-py3.10.egg-info/dependency_links.txt
-- Up-to-date symlink: /home/rokey/quoridor_ws/install/qulido_robot_msgs/local/lib/python3.10/dist-packages/qulido_robot_msgs-0.0.0-py3.10.egg-info/top_level.txt
-- Up-to-date symlink: /home/rokey/quoridor_ws/install/qulido_robot_msgs/local/lib/python3.10/dist-packages/qulido_robot_msgs/__init__.py
-- Up-to-date symlink: /home/rokey/quoridor_ws/install/qulido_robot_msgs/local/lib/python3.10/dist-packages/qulido_robot_msgs/_qulido_robot_msgs_s.ep.rosidl_typesupport_c.c
-- Up-to-date symlink: /home/rokey/quoridor_ws/install/qulido_robot_msgs/local/lib/python3.10/dist-packages/qulido_robot_msgs/_qulido_robot_msgs_s.ep.rosidl_typesupport_fastrtps_c.c
-- Up-to-date symlink: /home/rokey/quoridor_ws/install/qulido_robot_msgs/local/lib/python3.10/dist-packages/qulido_robot_msgs/_qulido_robot_msgs_s.ep.rosidl_typesupport_introspection_c.c
-- Up-to-date symlink: /home/rokey/quoridor_ws/install/qulido_robot_msgs/local/lib/python3.10/dist-packages/qulido_robot_msgs/action/__init__.py
-- Up-to-date symlink: /home/rokey/quoridor_ws/install/qulido_robot_msgs/local/lib/python3.10/dist-packages/qulido_robot_msgs/action/_execute_motion.py
-- Up-to-date symlink: /home/rokey/quoridor_ws/install/qulido_robot_msgs/local/lib/python3.10/dist-packages/qulido_robot_msgs/action/_execute_motion_s.c
-- Up-to-date symlink: /home/rokey/quoridor_ws/install/qulido_robot_msgs/local/lib/python3.10/dist-packages/qulido_robot_msgs/libqulido_robot_msgs__rosidl_generator_py.so
-- Up-to-date symlink: /home/rokey/quoridor_ws/install/qulido_robot_msgs/local/lib/python3.10/dist-packages/qulido_robot_msgs/msg/__init__.py
-- Symlinking: /home/rokey/quoridor_ws/install/qulido_robot_msgs/local/lib/python3.10/dist-packages/qulido_robot_msgs/msg/_int32_row.py
-- Symlinking: /home/rokey/quoridor_ws/install/qulido_robot_msgs/local/lib/python3.10/dist-packages/qulido_robot_msgs/msg/_int32_row_s.c
-- Up-to-date symlink: /home/rokey/quoridor_ws/install/qulido_robot_msgs/local/lib/python3.10/dist-packages/qulido_robot_msgs/msg/_motion_primitive.py
-- Up-to-date symlink: /home/rokey/quoridor_ws/install/qulido_robot_msgs/local/lib/python3.10/dist-packages/qulido_robot_msgs/msg/_motion_primitive_s.c
-- Up-to-date symlink: /home/rokey/quoridor_ws/install/qulido_robot_msgs/local/lib/python3.10/dist-packages/qulido_robot_msgs/msg/_motion_sequence.py
-- Up-to-date symlink: /home/rokey/quoridor_ws/install/qulido_robot_msgs/local/lib/python3.10/dist-packages/qulido_robot_msgs/msg/_motion_sequence_s.c
-- Up-to-date symlink: /home/rokey/quoridor_ws/install/qulido_robot_msgs/local/lib/python3.10/dist-packages/qulido_robot_msgs/qulido_robot_msgs_s__rosidl_typesupport_c.cpython-310-x86_64-linux-gnu.so
-- Up-to-date symlink: /home/rokey/quoridor_ws/install/qulido_robot_msgs/local/lib/python3.10/dist-packages/qulido_robot_msgs/qulido_robot_msgs_s__rosidl_typesupport_fastrtps_c.cpython-310-x86_64-linux-gnu.so
-- Up-to-date symlink: /home/rokey/quoridor_ws/install/qulido_robot_msgs/local/lib/python3.10/dist-packages/qulido_robot_msgs/qulido_robot_msgs_s__rosidl_typesupport_introspection_c.cpython-310-x86_64-linux-gnu.so
-- Symlinking: /home/rokey/quoridor_ws/install/qulido_robot_msgs/local/lib/python3.10/dist-packages/qulido_robot_msgs/srv/__init__.py
-- Symlinking: /home/rokey/quoridor_ws/install/qulido_robot_msgs/local/lib/python3.10/dist-packages/qulido_robot_msgs/srv/_ai_compute.py
-- Symlinking: /home/rokey/quoridor_ws/install/qulido_robot_msgs/local/lib/python3.10/dist-packages/qulido_robot_msgs/srv/_ai_compute_s.c
-- Symlinking: /home/rokey/quoridor_ws/install/qulido_robot_msgs/local/lib/python3.10/dist-packages/qulido_robot_msgs/srv/_get_board_state.py
-- Symlinking: /home/rokey/quoridor_ws/install/qulido_robot_msgs/local/lib/python3.10/dist-packages/qulido_robot_msgs/srv/_get_board_state_s.c
-- Up-to-date symlink: /home/rokey/quoridor_ws/install/qulido_robot_msgs/local/lib/python3.10/dist-packages/qulido_robot_msgs/qulido_robot_msgs_s__rosidl_typesupport_fastrtps_c.cpython-310-x86_64-linux-gnu.so
-- Up-to-date symlink: /home/rokey/quoridor_ws/install/qulido_robot_msgs/local/lib/python3.10/dist-packages/qulido_robot_msgs/qulido_robot_msgs_s__rosidl_typesupport_introspection_c.cpython-310-x86_64-linux-gnu.so
-- Up-to-date symlink: /home/rokey/quoridor_ws/install/qulido_robot_msgs/local/lib/python3.10/dist-packages/qulido_robot_msgs/qulido_robot_msgs_s__rosidl_typesupport_c.cpython-310-x86_64-linux-gnu.so
-- Up-to-date symlink: /home/rokey/quoridor_ws/install/qulido_robot_msgs/share/qulido_robot_msgs/msg/MotionPrimitive.idl
-- Up-to-date symlink: /home/rokey/quoridor_ws/install/qulido_robot_msgs/share/qulido_robot_msgs/msg/MotionSequence.idl
-- Symlinking: /home/rokey/quoridor_ws/install/qulido_robot_msgs/share/qulido_robot_msgs/msg/Int32Row.idl
-- Symlinking: /home/rokey/quoridor_ws/install/qulido_robot_msgs/share/qulido_robot_msgs/srv/GetBoardState.idl
-- Symlinking: /home/rokey/quoridor_ws/install/qulido_robot_msgs/share/qulido_robot_msgs/srv/AiCompute.idl
-- Up-to-date symlink: /home/rokey/quoridor_ws/install/qulido_robot_msgs/share/qulido_robot_msgs/action/ExecuteMotion.idl
-- Up-to-date symlink: /home/rokey/quoridor_ws/install/qulido_robot_msgs/share/qulido_robot_msgs/msg/MotionPrimitive.msg
-- Up-to-date symlink: /home/rokey/quoridor_ws/install/qulido_robot_msgs/share/qulido_robot_msgs/msg/MotionSequence.msg
-- Symlinking: /home/rokey/quoridor_ws/install/qulido_robot_msgs/share/qulido_robot_msgs/msg/Int32Row.msg
-- Symlinking: /home/rokey/quoridor_ws/install/qulido_robot_msgs/share/qulido_robot_msgs/srv/GetBoardState.srv
-- Symlinking: /home/rokey/quoridor_ws/install/qulido_robot_msgs/share/qulido_robot_msgs/srv/GetBoardState_Request.msg
-- Symlinking: /home/rokey/quoridor_ws/install/qulido_robot_msgs/share/qulido_robot_msgs/srv/GetBoardState_Response.msg
-- Symlinking: /home/rokey/quoridor_ws/install/qulido_robot_msgs/share/qulido_robot_msgs/srv/AiCompute.srv
-- Symlinking: /home/rokey/quoridor_ws/install/qulido_robot_msgs/share/qulido_robot_msgs/srv/AiCompute_Request.msg
-- Symlinking: /home/rokey/quoridor_ws/install/qulido_robot_msgs/share/qulido_robot_msgs/srv/AiCompute_Response.msg
-- Up-to-date symlink: /home/rokey/quoridor_ws/install/qulido_robot_msgs/share/qulido_robot_msgs/action/ExecuteMotion.action
-- Up-to-date symlink: /home/rokey/quoridor_ws/install/qulido_robot_msgs/share/ament_index/resource_index/package_run_dependencies/qulido_robot_msgs
-- Up-to-date symlink: /home/rokey/quoridor_ws/install/qulido_robot_msgs/share/ament_index/resource_index/parent_prefix_path/qulido_robot_msgs
-- Up-to-date symlink: /home/rokey/quoridor_ws/install/qulido_robot_msgs/share/qulido_robot_msgs/environment/ament_prefix_path.sh
-- Up-to-date symlink: /home/rokey/quoridor_ws/install/qulido_robot_msgs/share/qulido_robot_msgs/environment/ament_prefix_path.dsv
-- Up-to-date symlink: /home/rokey/quoridor_ws/install/qulido_robot_msgs/share/qulido_robot_msgs/environment/path.sh
-- Up-to-date symlink: /home/rokey/quoridor_ws/install/qulido_robot_msgs/share/qulido_robot_msgs/environment/path.dsv
-- Up-to-date symlink: /home/rokey/quoridor_ws/install/qulido_robot_msgs/share/qulido_robot_msgs/local_setup.bash
-- Up-to-date symlink: /home/rokey/quoridor_ws/install/qulido_robot_msgs/share/qulido_robot_msgs/local_setup.sh
-- Up-to-date symlink: /home/rokey/quoridor_ws/install/qulido_robot_msgs/share/qulido_robot_msgs/local_setup.zsh
-- Up-to-date symlink: /home/rokey/quoridor_ws/install/qulido_robot_msgs/share/qulido_robot_msgs/local_setup.dsv
-- Symlinking: /home/rokey/quoridor_ws/install/qulido_robot_msgs/share/qulido_robot_msgs/package.dsv
-- Up-to-date symlink: /home/rokey/quoridor_ws/install/qulido_robot_msgs/share/ament_index/resource_index/packages/qulido_robot_msgs
-- Up-to-date symlink: /home/rokey/quoridor_ws/install/qulido_robot_msgs/share/qulido_robot_msgs/cmake/rosidl_cmake-extras.cmake
-- Up-to-date symlink: /home/rokey/quoridor_ws/install/qulido_robot_msgs/share/qulido_robot_msgs/cmake/ament_cmake_export_dependencies-extras.cmake
-- Up-to-date symlink: /home/rokey/quoridor_ws/install/qulido_robot_msgs/share/qulido_robot_msgs/cmake/ament_cmake_export_include_directories-extras.cmake
-- Up-to-date symlink: /home/rokey/quoridor_ws/install/qulido_robot_msgs/share/qulido_robot_msgs/cmake/ament_cmake_export_libraries-extras.cmake
-- Up-to-date symlink: /home/rokey/quoridor_ws/install/qulido_robot_msgs/share/qulido_robot_msgs/cmake/ament_cmake_export_targets-extras.cmake
-- Up-to-date symlink: /home/rokey/quoridor_ws/install/qulido_robot_msgs/share/qulido_robot_msgs/cmake/rosidl_cmake_export_typesupport_targets-extras.cmake
-- Up-to-date symlink: /home/rokey/quoridor_ws/install/qulido_robot_msgs/share/qulido_robot_msgs/cmake/rosidl_cmake_export_typesupport_libraries-extras.cmake
-- Up-to-date symlink: /home/rokey/quoridor_ws/install/qulido_robot_msgs/share/qulido_robot_msgs/cmake/qulido_robot_msgsConfig.cmake
-- Up-to-date symlink: /home/rokey/quoridor_ws/install/qulido_robot_msgs/share/qulido_robot_msgs/cmake/qulido_robot_msgsConfig-version.cmake
-- Up-to-date symlink: /home/rokey/quoridor_ws/install/qulido_robot_msgs/share/qulido_robot_msgs/package.xml
-- Installing: /home/rokey/quoridor_ws/install/qulido_robot_msgs/lib/libqulido_robot_msgs__rosidl_generator_c.so
-- Set runtime path of "/home/rokey/quoridor_ws/install/qulido_robot_msgs/lib/libqulido_robot_msgs__rosidl_generator_c.so" to ""
-- Installing: /home/rokey/quoridor_ws/install/qulido_robot_msgs/lib/libqulido_robot_msgs__rosidl_typesupport_fastrtps_c.so
-- Set runtime path of "/home/rokey/quoridor_ws/install/qulido_robot_msgs/lib/libqulido_robot_msgs__rosidl_typesupport_fastrtps_c.so" to ""
-- Installing: /home/rokey/quoridor_ws/install/qulido_robot_msgs/lib/libqulido_robot_msgs__rosidl_typesupport_introspection_c.so
-- Set runtime path of "/home/rokey/quoridor_ws/install/qulido_robot_msgs/lib/libqulido_robot_msgs__rosidl_typesupport_introspection_c.so" to ""
-- Installing: /home/rokey/quoridor_ws/install/qulido_robot_msgs/lib/libqulido_robot_msgs__rosidl_typesupport_c.so
-- Set runtime path of "/home/rokey/quoridor_ws/install/qulido_robot_msgs/lib/libqulido_robot_msgs__rosidl_typesupport_c.so" to ""
-- Installing: /home/rokey/quoridor_ws/install/qulido_robot_msgs/lib/libqulido_robot_msgs__rosidl_typesupport_fastrtps_cpp.so
-- Set runtime path of "/home/rokey/quoridor_ws/install/qulido_robot_msgs/lib/libqulido_robot_msgs__rosidl_typesupport_fastrtps_cpp.so" to ""
-- Installing: /home/rokey/quoridor_ws/install/qulido_robot_msgs/lib/libqulido_robot_msgs__rosidl_typesupport_introspection_cpp.so
-- Set runtime path of "/home/rokey/quoridor_ws/install/qulido_robot_msgs/lib/libqulido_robot_msgs__rosidl_typesupport_introspection_cpp.so" to ""
-- Installing: /home/rokey/quoridor_ws/install/qulido_robot_msgs/lib/libqulido_robot_msgs__rosidl_typesupport_cpp.so
-- Set runtime path of "/home/rokey/quoridor_ws/install/qulido_robot_msgs/lib/libqulido_robot_msgs__rosidl_typesupport_cpp.so" to ""
Listing '/home/rokey/quoridor_ws/install/qulido_robot_msgs/local/lib/python3.10/dist-packages/qulido_robot_msgs'...
Compiling '/home/rokey/quoridor_ws/install/qulido_robot_msgs/local/lib/python3.10/dist-packages/qulido_robot_msgs/__init__.py'...
Listing '/home/rokey/quoridor_ws/install/qulido_robot_msgs/local/lib/python3.10/dist-packages/qulido_robot_msgs/action'...
Compiling '/home/rokey/quoridor_ws/install/qulido_robot_msgs/local/lib/python3.10/dist-packages/qulido_robot_msgs/action/__init__.py'...
Compiling '/home/rokey/quoridor_ws/install/qulido_robot_msgs/local/lib/python3.10/dist-packages/qulido_robot_msgs/action/_execute_motion.py'...
Listing '/home/rokey/quoridor_ws/install/qulido_robot_msgs/local/lib/python3.10/dist-packages/qulido_robot_msgs/msg'...
Compiling '/home/rokey/quoridor_ws/install/qulido_robot_msgs/local/lib/python3.10/dist-packages/qulido_robot_msgs/msg/__init__.py'...
Compiling '/home/rokey/quoridor_ws/install/qulido_robot_msgs/local/lib/python3.10/dist-packages/qulido_robot_msgs/msg/_int32_row.py'...
Compiling '/home/rokey/quoridor_ws/install/qulido_robot_msgs/local/lib/python3.10/dist-packages/qulido_robot_msgs/msg/_motion_primitive.py'...
Compiling '/home/rokey/quoridor_ws/install/qulido_robot_msgs/local/lib/python3.10/dist-packages/qulido_robot_msgs/msg/_motion_sequence.py'...
Listing '/home/rokey/quoridor_ws/install/qulido_robot_msgs/local/lib/python3.10/dist-packages/qulido_robot_msgs/srv'...
Compiling '/home/rokey/quoridor_ws/install/qulido_robot_msgs/local/lib/python3.10/dist-packages/qulido_robot_msgs/srv/__init__.py'...
Compiling '/home/rokey/quoridor_ws/install/qulido_robot_msgs/local/lib/python3.10/dist-packages/qulido_robot_msgs/srv/_ai_compute.py'...
Compiling '/home/rokey/quoridor_ws/install/qulido_robot_msgs/local/lib/python3.10/dist-packages/qulido_robot_msgs/srv/_get_board_state.py'...
-- Installing: /home/rokey/quoridor_ws/install/qulido_robot_msgs/lib/libqulido_robot_msgs__rosidl_generator_py.so
-- Set runtime path of "/home/rokey/quoridor_ws/install/qulido_robot_msgs/lib/libqulido_robot_msgs__rosidl_generator_py.so" to ""
-- Up-to-date: /home/rokey/quoridor_ws/install/qulido_robot_msgs/share/qulido_robot_msgs/cmake/export_qulido_robot_msgs__rosidl_generator_cExport.cmake
-- Up-to-date: /home/rokey/quoridor_ws/install/qulido_robot_msgs/share/qulido_robot_msgs/cmake/export_qulido_robot_msgs__rosidl_generator_cExport-noconfig.cmake
-- Up-to-date: /home/rokey/quoridor_ws/install/qulido_robot_msgs/share/qulido_robot_msgs/cmake/export_qulido_robot_msgs__rosidl_typesupport_fastrtps_cExport.cmake
-- Up-to-date: /home/rokey/quoridor_ws/install/qulido_robot_msgs/share/qulido_robot_msgs/cmake/export_qulido_robot_msgs__rosidl_typesupport_fastrtps_cExport-noconfig.cmake
-- Up-to-date: /home/rokey/quoridor_ws/install/qulido_robot_msgs/share/qulido_robot_msgs/cmake/qulido_robot_msgs__rosidl_typesupport_introspection_cExport.cmake
-- Up-to-date: /home/rokey/quoridor_ws/install/qulido_robot_msgs/share/qulido_robot_msgs/cmake/qulido_robot_msgs__rosidl_typesupport_introspection_cExport-noconfig.cmake
-- Up-to-date: /home/rokey/quoridor_ws/install/qulido_robot_msgs/share/qulido_robot_msgs/cmake/qulido_robot_msgs__rosidl_typesupport_cExport.cmake
-- Up-to-date: /home/rokey/quoridor_ws/install/qulido_robot_msgs/share/qulido_robot_msgs/cmake/qulido_robot_msgs__rosidl_typesupport_cExport-noconfig.cmake
-- Up-to-date: /home/rokey/quoridor_ws/install/qulido_robot_msgs/share/qulido_robot_msgs/cmake/export_qulido_robot_msgs__rosidl_generator_cppExport.cmake
-- Up-to-date: /home/rokey/quoridor_ws/install/qulido_robot_msgs/share/qulido_robot_msgs/cmake/export_qulido_robot_msgs__rosidl_typesupport_fastrtps_cppExport.cmake
-- Up-to-date: /home/rokey/quoridor_ws/install/qulido_robot_msgs/share/qulido_robot_msgs/cmake/export_qulido_robot_msgs__rosidl_typesupport_fastrtps_cppExport-noconfig.cmake
-- Up-to-date: /home/rokey/quoridor_ws/install/qulido_robot_msgs/share/qulido_robot_msgs/cmake/qulido_robot_msgs__rosidl_typesupport_introspection_cppExport.cmake
-- Up-to-date: /home/rokey/quoridor_ws/install/qulido_robot_msgs/share/qulido_robot_msgs/cmake/qulido_robot_msgs__rosidl_typesupport_introspection_cppExport-noconfig.cmake
-- Up-to-date: /home/rokey/quoridor_ws/install/qulido_robot_msgs/share/qulido_robot_msgs/cmake/qulido_robot_msgs__rosidl_typesupport_cppExport.cmake
-- Up-to-date: /home/rokey/quoridor_ws/install/qulido_robot_msgs/share/qulido_robot_msgs/cmake/qulido_robot_msgs__rosidl_typesupport_cppExport-noconfig.cmake
-- Up-to-date: /home/rokey/quoridor_ws/install/qulido_robot_msgs/share/qulido_robot_msgs/cmake/export_qulido_robot_msgs__rosidl_generator_pyExport.cmake
-- Up-to-date: /home/rokey/quoridor_ws/install/qulido_robot_msgs/share/qulido_robot_msgs/cmake/export_qulido_robot_msgs__rosidl_generator_pyExport-noconfig.cmake
