running develop
running egg_info
creating quoridor_main.egg-info
writing quoridor_main.egg-info/PKG-INFO
writing dependency_links to quoridor_main.egg-info/dependency_links.txt
writing entry points to quoridor_main.egg-info/entry_points.txt
writing requirements to quoridor_main.egg-info/requires.txt
writing top-level names to quoridor_main.egg-info/top_level.txt
writing manifest file 'quoridor_main.egg-info/SOURCES.txt'
reading manifest file 'quoridor_main.egg-info/SOURCES.txt'
writing manifest file 'quoridor_main.egg-info/SOURCES.txt'
running build_ext
Creating /home/rokey/quoridor_ws/install/quoridor_main/lib/python3.10/site-packages/quoridor-main.egg-link (link to .)
Installing game_orchestrator script to /home/rokey/quoridor_ws/install/quoridor_main/lib/quoridor_main
Installing robot_ctrl script to /home/rokey/quoridor_ws/install/quoridor_main/lib/quoridor_main

Installed /home/rokey/quoridor_ws/build/quoridor_main
running symlink_data
creating /home/rokey/quoridor_ws/install/quoridor_main/share/ament_index
creating /home/rokey/quoridor_ws/install/quoridor_main/share/ament_index/resource_index
creating /home/rokey/quoridor_ws/install/quoridor_main/share/ament_index/resource_index/packages
symbolically linking /home/rokey/quoridor_ws/build/quoridor_main/resource/quoridor_main -> /home/rokey/quoridor_ws/install/quoridor_main/share/ament_index/resource_index/packages
symbolically linking /home/rokey/quoridor_ws/build/quoridor_main/package.xml -> /home/rokey/quoridor_ws/install/quoridor_main/share/quoridor_main
