[0.433s] Invoking command in '/home/rokey/quoridor_ws/build/quoridor_main': PYTHONPATH=/home/rokey/quoridor_ws/build/quoridor_main/prefix_override:/usr/lib/python3/dist-packages/colcon_core/task/python/colcon_distutils_commands:/home/rokey/quoridor_ws/install/quoridor_main/lib/python3.10/site-packages:${PYTHONPATH} /usr/bin/python3 -W ignore:setup.py install is deprecated -W ignore:easy_install command is deprecated setup.py develop --editable --build-directory /home/rokey/quoridor_ws/build/quoridor_main/build --no-deps symlink_data
[0.610s] running develop
[0.723s] running egg_info
[0.723s] creating quoridor_main.egg-info
[0.723s] writing quoridor_main.egg-info/PKG-INFO
[0.723s] writing dependency_links to quoridor_main.egg-info/dependency_links.txt
[0.723s] writing entry points to quoridor_main.egg-info/entry_points.txt
[0.723s] writing requirements to quoridor_main.egg-info/requires.txt
[0.723s] writing top-level names to quoridor_main.egg-info/top_level.txt
[0.723s] writing manifest file 'quoridor_main.egg-info/SOURCES.txt'
[0.724s] reading manifest file 'quoridor_main.egg-info/SOURCES.txt'
[0.725s] writing manifest file 'quoridor_main.egg-info/SOURCES.txt'
[0.726s] running build_ext
[0.726s] Creating /home/rokey/quoridor_ws/install/quoridor_main/lib/python3.10/site-packages/quoridor-main.egg-link (link to .)
[0.726s] Installing game_orchestrator script to /home/rokey/quoridor_ws/install/quoridor_main/lib/quoridor_main
[0.726s] Installing robot_ctrl script to /home/rokey/quoridor_ws/install/quoridor_main/lib/quoridor_main
[0.726s] 
[0.726s] Installed /home/rokey/quoridor_ws/build/quoridor_main
[0.726s] running symlink_data
[0.726s] creating /home/rokey/quoridor_ws/install/quoridor_main/share/ament_index
[0.726s] creating /home/rokey/quoridor_ws/install/quoridor_main/share/ament_index/resource_index
[0.726s] creating /home/rokey/quoridor_ws/install/quoridor_main/share/ament_index/resource_index/packages
[0.727s] symbolically linking /home/rokey/quoridor_ws/build/quoridor_main/resource/quoridor_main -> /home/rokey/quoridor_ws/install/quoridor_main/share/ament_index/resource_index/packages
[0.727s] symbolically linking /home/rokey/quoridor_ws/build/quoridor_main/package.xml -> /home/rokey/quoridor_ws/install/quoridor_main/share/quoridor_main
[0.743s] Invoked command in '/home/rokey/quoridor_ws/build/quoridor_main' returned '0': PYTHONPATH=/home/rokey/quoridor_ws/build/quoridor_main/prefix_override:/usr/lib/python3/dist-packages/colcon_core/task/python/colcon_distutils_commands:/home/rokey/quoridor_ws/install/quoridor_main/lib/python3.10/site-packages:${PYTHONPATH} /usr/bin/python3 -W ignore:setup.py install is deprecated -W ignore:easy_install command is deprecated setup.py develop --editable --build-directory /home/rokey/quoridor_ws/build/quoridor_main/build --no-deps symlink_data
